Info 0    [08:49:11.790] Starting TS Server
Info 1    [08:49:11.790] Version: 4.5.5
Info 2    [08:49:11.790] Arguments: /home/euki/.fnm/node-versions/v16.3.0/installation/bin/node /home/euki/.fnm/node-versions/v16.3.0/installation/lib/node_modules/typescript/lib/tsserver.js --logFile /home/euki/Disciplines/marketX/my-notes-clone/.log/tsserver.log --logVerbosity info --cancellationPipeName /tmp/c0bbae0710f7d041167f05c2d4e63d70/tscancellation*
Info 3    [08:49:11.790] Platform: linux NodeVersion: 16 CaseSensitive: true
Info 4    [08:49:11.790] ServerMode: undefined syntaxOnly: false hasUnknownServerMode: undefined
Info 5    [08:49:11.802] Format host information updated
Info 6    [08:49:11.932] Search path: /home/euki/Disciplines/marketX/my-notes-clone/components
Info 7    [08:49:11.933] For info: /home/euki/Disciplines/marketX/my-notes-clone/components/NotesApp.tsx :: Config file name: /home/euki/Disciplines/marketX/my-notes-clone/tsconfig.json
Info 8    [08:49:11.933] Creating configuration project /home/euki/Disciplines/marketX/my-notes-clone/tsconfig.json
Info 9    [08:49:11.960] Config: /home/euki/Disciplines/marketX/my-notes-clone/tsconfig.json : {
 "rootNames": [
  "/home/euki/Disciplines/marketX/my-notes-clone/next-env.d.ts",
  "/home/euki/Disciplines/marketX/my-notes-clone/additional.d.ts",
  "/home/euki/Disciplines/marketX/my-notes-clone/db/db.ts",
  "/home/euki/Disciplines/marketX/my-notes-clone/db/helpers.db.ts",
  "/home/euki/Disciplines/marketX/my-notes-clone/components/Button.tsx",
  "/home/euki/Disciplines/marketX/my-notes-clone/components/Frame.tsx",
  "/home/euki/Disciplines/marketX/my-notes-clone/components/NotesApp.tsx",
  "/home/euki/Disciplines/marketX/my-notes-clone/components/UtilityBar.tsx",
  "/home/euki/Disciplines/marketX/my-notes-clone/components/folderComponents/FolderFrame.tsx",
  "/home/euki/Disciplines/marketX/my-notes-clone/components/folderComponents/NewFolderBtn.tsx",
  "/home/euki/Disciplines/marketX/my-notes-clone/components/folderComponents/NewFolderPopup.tsx",
  "/home/euki/Disciplines/marketX/my-notes-clone/components/notesComponents/NoteCard.tsx",
  "/home/euki/Disciplines/marketX/my-notes-clone/components/notesComponents/NotesFrame.tsx",
  "/home/euki/Disciplines/marketX/my-notes-clone/lib/fuzzySearch.tsx",
  "/home/euki/Disciplines/marketX/my-notes-clone/lib/reducer.tsx",
  "/home/euki/Disciplines/marketX/my-notes-clone/lib/utilityContext.tsx",
  "/home/euki/Disciplines/marketX/my-notes-clone/pages/_app.tsx",
  "/home/euki/Disciplines/marketX/my-notes-clone/pages/index.tsx",
  "/home/euki/Disciplines/marketX/my-notes-clone/pages/api/deleteNote.tsx",
  "/home/euki/Disciplines/marketX/my-notes-clone/pages/api/folders.tsx",
  "/home/euki/Disciplines/marketX/my-notes-clone/pages/api/newFolder.tsx",
  "/home/euki/Disciplines/marketX/my-notes-clone/pages/api/newNote.tsx",
  "/home/euki/Disciplines/marketX/my-notes-clone/pages/api/notes.tsx",
  "/home/euki/Disciplines/marketX/my-notes-clone/pages/api/updateNote.tsx"
 ],
 "options": {
  "baseUrl": "/home/euki/Disciplines/marketX/my-notes-clone",
  "paths": {
   "@/components/*": [
    "components/*"
   ],
   "@/styles/*": [
    "styles/*"
   ],
   "@/db/*": [
    "db/*"
   ],
   "@/lib/*": [
    "lib/*"
   ]
  },
  "target": 1,
  "lib": [
   "lib.dom.d.ts",
   "lib.dom.iterable.d.ts",
   "lib.esnext.d.ts"
  ],
  "allowJs": true,
  "skipLibCheck": true,
  "strict": true,
  "forceConsistentCasingInFileNames": true,
  "noEmit": true,
  "esModuleInterop": true,
  "module": 99,
  "moduleResolution": 2,
  "resolveJsonModule": true,
  "isolatedModules": true,
  "jsx": 1,
  "incremental": true,
  "pathsBasePath": "/home/euki/Disciplines/marketX/my-notes-clone",
  "configFilePath": "/home/euki/Disciplines/marketX/my-notes-clone/tsconfig.json"
 }
}
Info 10   [08:49:12.099] Starting updateGraphWorker: Project: /home/euki/Disciplines/marketX/my-notes-clone/tsconfig.json
Info 11   [08:49:14.410] Finishing updateGraphWorker: Project: /home/euki/Disciplines/marketX/my-notes-clone/tsconfig.json Version: 1 structureChanged: true structureIsReused:: Not Elapsed: 2311.0258699953556ms
Info 12   [08:49:14.410] Project '/home/euki/Disciplines/marketX/my-notes-clone/tsconfig.json' (Configured)
Info 13   [08:49:14.410] 	Files (217)

Info 14   [08:49:14.410] -----------------------------------------------
Info 15   [08:49:14.429] Starting updateGraphWorker: Project: /dev/null/autoImportProviderProject1*
Info 16   [08:49:14.642] Finishing updateGraphWorker: Project: /dev/null/autoImportProviderProject1* Version: 1 structureChanged: true structureIsReused:: Not Elapsed: 213.84106400609016ms
Info 17   [08:49:14.643] Project '/dev/null/autoImportProviderProject1*' (AutoImportProvider)
Info 18   [08:49:14.643] 	Files (71)

Info 19   [08:49:14.643] -----------------------------------------------
Info 20   [08:49:30.111] DirectoryWatcher:: Triggered with /home/euki/Disciplines/marketX/my-notes-clone/.next/cache/webpack/client-development/4.pack_ 0:: WatchInfo: /home/euki/Disciplines/marketX/my-notes-clone 1 undefined Config: /home/euki/Disciplines/marketX/my-notes-clone/tsconfig.json WatchType: Wild card directory
Info 21   [08:49:30.114] Project: /home/euki/Disciplines/marketX/my-notes-clone/tsconfig.json Detected file add/remove of non supported extension: /home/euki/Disciplines/marketX/my-notes-clone/.next/cache/webpack/client-development/4.pack_
Info 22   [08:49:30.114] Elapsed:: 2.3767409920692444ms DirectoryWatcher:: Triggered with /home/euki/Disciplines/marketX/my-notes-clone/.next/cache/webpack/client-development/4.pack_ 0:: WatchInfo: /home/euki/Disciplines/marketX/my-notes-clone 1 undefined Config: /home/euki/Disciplines/marketX/my-notes-clone/tsconfig.json WatchType: Wild card directory
Info 23   [08:49:30.114] DirectoryWatcher:: Triggered with /home/euki/Disciplines/marketX/my-notes-clone/.next/cache/webpack/client-development/2.pack_ 1:: WatchInfo: /home/euki/Disciplines/marketX/my-notes-clone 1 undefined Config: /home/euki/Disciplines/marketX/my-notes-clone/tsconfig.json WatchType: Wild card directory
Info 24   [08:49:30.114] Project: /home/euki/Disciplines/marketX/my-notes-clone/tsconfig.json Detected file add/remove of non supported extension: /home/euki/Disciplines/marketX/my-notes-clone/.next/cache/webpack/client-development/2.pack_
Info 25   [08:49:30.115] Elapsed:: 0.3511260151863098ms DirectoryWatcher:: Triggered with /home/euki/Disciplines/marketX/my-notes-clone/.next/cache/webpack/client-development/2.pack_ 1:: WatchInfo: /home/euki/Disciplines/marketX/my-notes-clone 1 undefined Config: /home/euki/Disciplines/marketX/my-notes-clone/tsconfig.json WatchType: Wild card directory
Info 26   [08:49:30.115] DirectoryWatcher:: Triggered with /home/euki/Disciplines/marketX/my-notes-clone/.next/cache/webpack/client-development/0.pack_ 2:: WatchInfo: /home/euki/Disciplines/marketX/my-notes-clone 1 undefined Config: /home/euki/Disciplines/marketX/my-notes-clone/tsconfig.json WatchType: Wild card directory
Info 27   [08:49:30.115] Project: /home/euki/Disciplines/marketX/my-notes-clone/tsconfig.json Detected file add/remove of non supported extension: /home/euki/Disciplines/marketX/my-notes-clone/.next/cache/webpack/client-development/0.pack_
Info 28   [08:49:30.115] Elapsed:: 0.257207989692688ms DirectoryWatcher:: Triggered with /home/euki/Disciplines/marketX/my-notes-clone/.next/cache/webpack/client-development/0.pack_ 2:: WatchInfo: /home/euki/Disciplines/marketX/my-notes-clone 1 undefined Config: /home/euki/Disciplines/marketX/my-notes-clone/tsconfig.json WatchType: Wild card directory
Info 29   [08:49:30.115] DirectoryWatcher:: Triggered with /home/euki/Disciplines/marketX/my-notes-clone/.next/cache/webpack/client-development/index.pack_ 3:: WatchInfo: /home/euki/Disciplines/marketX/my-notes-clone 1 undefined Config: /home/euki/Disciplines/marketX/my-notes-clone/tsconfig.json WatchType: Wild card directory
Info 30   [08:49:30.115] Project: /home/euki/Disciplines/marketX/my-notes-clone/tsconfig.json Detected file add/remove of non supported extension: /home/euki/Disciplines/marketX/my-notes-clone/.next/cache/webpack/client-development/index.pack_
Info 31   [08:49:30.116] Elapsed:: 0.27197399735450745ms DirectoryWatcher:: Triggered with /home/euki/Disciplines/marketX/my-notes-clone/.next/cache/webpack/client-development/index.pack_ 3:: WatchInfo: /home/euki/Disciplines/marketX/my-notes-clone 1 undefined Config: /home/euki/Disciplines/marketX/my-notes-clone/tsconfig.json WatchType: Wild card directory
Info 32   [08:49:30.116] DirectoryWatcher:: Triggered with /home/euki/Disciplines/marketX/my-notes-clone/.next/cache/webpack/client-development/index.pack 4:: WatchInfo: /home/euki/Disciplines/marketX/my-notes-clone 1 undefined Config: /home/euki/Disciplines/marketX/my-notes-clone/tsconfig.json WatchType: Wild card directory
Info 33   [08:49:30.116] Project: /home/euki/Disciplines/marketX/my-notes-clone/tsconfig.json Detected file add/remove of non supported extension: /home/euki/Disciplines/marketX/my-notes-clone/.next/cache/webpack/client-development/index.pack
Info 34   [08:49:30.116] Elapsed:: 0.2770859897136688ms DirectoryWatcher:: Triggered with /home/euki/Disciplines/marketX/my-notes-clone/.next/cache/webpack/client-development/index.pack 4:: WatchInfo: /home/euki/Disciplines/marketX/my-notes-clone 1 undefined Config: /home/euki/Disciplines/marketX/my-notes-clone/tsconfig.json WatchType: Wild card directory
Info 35   [08:49:30.116] DirectoryWatcher:: Triggered with /home/euki/Disciplines/marketX/my-notes-clone/.next/cache/webpack/client-development/index.pack.old 5:: WatchInfo: /home/euki/Disciplines/marketX/my-notes-clone 1 undefined Config: /home/euki/Disciplines/marketX/my-notes-clone/tsconfig.json WatchType: Wild card directory
Info 36   [08:49:30.116] Project: /home/euki/Disciplines/marketX/my-notes-clone/tsconfig.json Detected file add/remove of non supported extension: /home/euki/Disciplines/marketX/my-notes-clone/.next/cache/webpack/client-development/index.pack.old
Info 37   [08:49:30.116] Elapsed:: 0.22225600481033325ms DirectoryWatcher:: Triggered with /home/euki/Disciplines/marketX/my-notes-clone/.next/cache/webpack/client-development/index.pack.old 5:: WatchInfo: /home/euki/Disciplines/marketX/my-notes-clone 1 undefined Config: /home/euki/Disciplines/marketX/my-notes-clone/tsconfig.json WatchType: Wild card directory
Info 38   [08:49:30.117] DirectoryWatcher:: Triggered with /home/euki/Disciplines/marketX/my-notes-clone/.next/cache/webpack/client-development/4.pack_ 6:: WatchInfo: /home/euki/Disciplines/marketX/my-notes-clone 1 undefined Config: /home/euki/Disciplines/marketX/my-notes-clone/tsconfig.json WatchType: Wild card directory
Info 39   [08:49:30.117] Project: /home/euki/Disciplines/marketX/my-notes-clone/tsconfig.json Detected file add/remove of non supported extension: /home/euki/Disciplines/marketX/my-notes-clone/.next/cache/webpack/client-development/4.pack_
Info 40   [08:49:30.117] Elapsed:: 0.20287200808525085ms DirectoryWatcher:: Triggered with /home/euki/Disciplines/marketX/my-notes-clone/.next/cache/webpack/client-development/4.pack_ 6:: WatchInfo: /home/euki/Disciplines/marketX/my-notes-clone 1 undefined Config: /home/euki/Disciplines/marketX/my-notes-clone/tsconfig.json WatchType: Wild card directory
Info 41   [08:49:30.117] DirectoryWatcher:: Triggered with /home/euki/Disciplines/marketX/my-notes-clone/.next/cache/webpack/client-development/4.pack 7:: WatchInfo: /home/euki/Disciplines/marketX/my-notes-clone 1 undefined Config: /home/euki/Disciplines/marketX/my-notes-clone/tsconfig.json WatchType: Wild card directory
Info 42   [08:49:30.117] Project: /home/euki/Disciplines/marketX/my-notes-clone/tsconfig.json Detected file add/remove of non supported extension: /home/euki/Disciplines/marketX/my-notes-clone/.next/cache/webpack/client-development/4.pack
Info 43   [08:49:30.117] Elapsed:: 0.16692399978637695ms DirectoryWatcher:: Triggered with /home/euki/Disciplines/marketX/my-notes-clone/.next/cache/webpack/client-development/4.pack 7:: WatchInfo: /home/euki/Disciplines/marketX/my-notes-clone 1 undefined Config: /home/euki/Disciplines/marketX/my-notes-clone/tsconfig.json WatchType: Wild card directory
Info 44   [08:49:30.117] DirectoryWatcher:: Triggered with /home/euki/Disciplines/marketX/my-notes-clone/.next/cache/webpack/client-development/2.pack_ 8:: WatchInfo: /home/euki/Disciplines/marketX/my-notes-clone 1 undefined Config: /home/euki/Disciplines/marketX/my-notes-clone/tsconfig.json WatchType: Wild card directory
Info 45   [08:49:30.117] Project: /home/euki/Disciplines/marketX/my-notes-clone/tsconfig.json Detected file add/remove of non supported extension: /home/euki/Disciplines/marketX/my-notes-clone/.next/cache/webpack/client-development/2.pack_
Info 46   [08:49:30.118] Elapsed:: 0.16686102747917175ms DirectoryWatcher:: Triggered with /home/euki/Disciplines/marketX/my-notes-clone/.next/cache/webpack/client-development/2.pack_ 8:: WatchInfo: /home/euki/Disciplines/marketX/my-notes-clone 1 undefined Config: /home/euki/Disciplines/marketX/my-notes-clone/tsconfig.json WatchType: Wild card directory
Info 47   [08:49:30.118] DirectoryWatcher:: Triggered with /home/euki/Disciplines/marketX/my-notes-clone/.next/cache/webpack/client-development/2.pack 9:: WatchInfo: /home/euki/Disciplines/marketX/my-notes-clone 1 undefined Config: /home/euki/Disciplines/marketX/my-notes-clone/tsconfig.json WatchType: Wild card directory
Info 48   [08:49:30.118] Project: /home/euki/Disciplines/marketX/my-notes-clone/tsconfig.json Detected file add/remove of non supported extension: /home/euki/Disciplines/marketX/my-notes-clone/.next/cache/webpack/client-development/2.pack
Info 49   [08:49:30.118] Elapsed:: 0.15131700038909912ms DirectoryWatcher:: Triggered with /home/euki/Disciplines/marketX/my-notes-clone/.next/cache/webpack/client-development/2.pack 9:: WatchInfo: /home/euki/Disciplines/marketX/my-notes-clone 1 undefined Config: /home/euki/Disciplines/marketX/my-notes-clone/tsconfig.json WatchType: Wild card directory
Info 50   [08:49:30.118] DirectoryWatcher:: Triggered with /home/euki/Disciplines/marketX/my-notes-clone/.next/cache/webpack/client-development/0.pack_ 10:: WatchInfo: /home/euki/Disciplines/marketX/my-notes-clone 1 undefined Config: /home/euki/Disciplines/marketX/my-notes-clone/tsconfig.json WatchType: Wild card directory
Info 51   [08:49:30.118] Project: /home/euki/Disciplines/marketX/my-notes-clone/tsconfig.json Detected file add/remove of non supported extension: /home/euki/Disciplines/marketX/my-notes-clone/.next/cache/webpack/client-development/0.pack_
Info 52   [08:49:30.118] Elapsed:: 0.29012399911880493ms DirectoryWatcher:: Triggered with /home/euki/Disciplines/marketX/my-notes-clone/.next/cache/webpack/client-development/0.pack_ 10:: WatchInfo: /home/euki/Disciplines/marketX/my-notes-clone 1 undefined Config: /home/euki/Disciplines/marketX/my-notes-clone/tsconfig.json WatchType: Wild card directory
Info 53   [08:49:30.119] DirectoryWatcher:: Triggered with /home/euki/Disciplines/marketX/my-notes-clone/.next/cache/webpack/client-development/0.pack 11:: WatchInfo: /home/euki/Disciplines/marketX/my-notes-clone 1 undefined Config: /home/euki/Disciplines/marketX/my-notes-clone/tsconfig.json WatchType: Wild card directory
Info 54   [08:49:30.119] Project: /home/euki/Disciplines/marketX/my-notes-clone/tsconfig.json Detected file add/remove of non supported extension: /home/euki/Disciplines/marketX/my-notes-clone/.next/cache/webpack/client-development/0.pack
Info 55   [08:49:30.119] Elapsed:: 0.17436501383781433ms DirectoryWatcher:: Triggered with /home/euki/Disciplines/marketX/my-notes-clone/.next/cache/webpack/client-development/0.pack 11:: WatchInfo: /home/euki/Disciplines/marketX/my-notes-clone 1 undefined Config: /home/euki/Disciplines/marketX/my-notes-clone/tsconfig.json WatchType: Wild card directory
Info 56   [08:49:30.119] DirectoryWatcher:: Triggered with /home/euki/Disciplines/marketX/my-notes-clone/.next/cache/webpack/client-development/index.pack_ 12:: WatchInfo: /home/euki/Disciplines/marketX/my-notes-clone 1 undefined Config: /home/euki/Disciplines/marketX/my-notes-clone/tsconfig.json WatchType: Wild card directory
Info 57   [08:49:30.119] Project: /home/euki/Disciplines/marketX/my-notes-clone/tsconfig.json Detected file add/remove of non supported extension: /home/euki/Disciplines/marketX/my-notes-clone/.next/cache/webpack/client-development/index.pack_
Info 58   [08:49:30.119] Elapsed:: 0.18161699175834656ms DirectoryWatcher:: Triggered with /home/euki/Disciplines/marketX/my-notes-clone/.next/cache/webpack/client-development/index.pack_ 12:: WatchInfo: /home/euki/Disciplines/marketX/my-notes-clone 1 undefined Config: /home/euki/Disciplines/marketX/my-notes-clone/tsconfig.json WatchType: Wild card directory
Info 59   [08:49:30.119] DirectoryWatcher:: Triggered with /home/euki/Disciplines/marketX/my-notes-clone/.next/cache/webpack/client-development/index.pack 13:: WatchInfo: /home/euki/Disciplines/marketX/my-notes-clone 1 undefined Config: /home/euki/Disciplines/marketX/my-notes-clone/tsconfig.json WatchType: Wild card directory
Info 60   [08:49:30.119] Project: /home/euki/Disciplines/marketX/my-notes-clone/tsconfig.json Detected file add/remove of non supported extension: /home/euki/Disciplines/marketX/my-notes-clone/.next/cache/webpack/client-development/index.pack
Info 61   [08:49:30.119] Elapsed:: 0.16585701704025269ms DirectoryWatcher:: Triggered with /home/euki/Disciplines/marketX/my-notes-clone/.next/cache/webpack/client-development/index.pack 13:: WatchInfo: /home/euki/Disciplines/marketX/my-notes-clone 1 undefined Config: /home/euki/Disciplines/marketX/my-notes-clone/tsconfig.json WatchType: Wild card directory
Info 62   [08:49:53.968] DirectoryWatcher:: Triggered with /home/euki/Disciplines/marketX/my-notes-clone/.next/static/webpack/pages/index.1e7911738685a739.hot-update.js 0:: WatchInfo: /home/euki/Disciplines/marketX/my-notes-clone 1 undefined Config: /home/euki/Disciplines/marketX/my-notes-clone/tsconfig.json WatchType: Wild card directory
Info 63   [08:49:53.971] Elapsed:: 3.4790219962596893ms DirectoryWatcher:: Triggered with /home/euki/Disciplines/marketX/my-notes-clone/.next/static/webpack/pages/index.1e7911738685a739.hot-update.js 0:: WatchInfo: /home/euki/Disciplines/marketX/my-notes-clone 1 undefined Config: /home/euki/Disciplines/marketX/my-notes-clone/tsconfig.json WatchType: Wild card directory
Info 64   [08:49:53.972] DirectoryWatcher:: Triggered with /home/euki/Disciplines/marketX/my-notes-clone/.next/static/webpack/webpack.1e7911738685a739.hot-update.js 1:: WatchInfo: /home/euki/Disciplines/marketX/my-notes-clone 1 undefined Config: /home/euki/Disciplines/marketX/my-notes-clone/tsconfig.json WatchType: Wild card directory
Info 65   [08:49:53.973] Elapsed:: 1.1298050284385681ms DirectoryWatcher:: Triggered with /home/euki/Disciplines/marketX/my-notes-clone/.next/static/webpack/webpack.1e7911738685a739.hot-update.js 1:: WatchInfo: /home/euki/Disciplines/marketX/my-notes-clone 1 undefined Config: /home/euki/Disciplines/marketX/my-notes-clone/tsconfig.json WatchType: Wild card directory
Info 66   [08:49:53.973] DirectoryWatcher:: Triggered with /home/euki/Disciplines/marketX/my-notes-clone/.next/static/webpack/1e7911738685a739.webpack.hot-update.json 2:: WatchInfo: /home/euki/Disciplines/marketX/my-notes-clone 1 undefined Config: /home/euki/Disciplines/marketX/my-notes-clone/tsconfig.json WatchType: Wild card directory
Info 67   [08:49:53.974] Elapsed:: 0.5100090205669403ms DirectoryWatcher:: Triggered with /home/euki/Disciplines/marketX/my-notes-clone/.next/static/webpack/1e7911738685a739.webpack.hot-update.json 2:: WatchInfo: /home/euki/Disciplines/marketX/my-notes-clone 1 undefined Config: /home/euki/Disciplines/marketX/my-notes-clone/tsconfig.json WatchType: Wild card directory
Info 68   [08:49:54.248] Starting updateGraphWorker: Project: /home/euki/Disciplines/marketX/my-notes-clone/tsconfig.json
Info 69   [08:49:54.252] Finishing updateGraphWorker: Project: /home/euki/Disciplines/marketX/my-notes-clone/tsconfig.json Version: 2 structureChanged: false structureIsReused:: Not Elapsed: 3.5516330003738403ms
Info 70   [08:49:56.475] Before ensureProjectForOpenFiles:
Info 71   [08:49:56.476] After ensureProjectForOpenFiles:
Info 72   [08:49:56.476] got projects updated in background, updating diagnostics for /home/euki/Disciplines/marketX/my-notes-clone/components/NotesApp.tsx
Info 73   [08:50:02.834] DirectoryWatcher:: Triggered with /home/euki/Disciplines/marketX/my-notes-clone/.next/static/webpack/pages/index.46f9089a109be61e.hot-update.js 0:: WatchInfo: /home/euki/Disciplines/marketX/my-notes-clone 1 undefined Config: /home/euki/Disciplines/marketX/my-notes-clone/tsconfig.json WatchType: Wild card directory
Info 74   [08:50:02.835] Elapsed:: 0.6026450097560883ms DirectoryWatcher:: Triggered with /home/euki/Disciplines/marketX/my-notes-clone/.next/static/webpack/pages/index.46f9089a109be61e.hot-update.js 0:: WatchInfo: /home/euki/Disciplines/marketX/my-notes-clone 1 undefined Config: /home/euki/Disciplines/marketX/my-notes-clone/tsconfig.json WatchType: Wild card directory
Info 75   [08:50:02.835] DirectoryWatcher:: Triggered with /home/euki/Disciplines/marketX/my-notes-clone/.next/static/webpack/webpack.46f9089a109be61e.hot-update.js 1:: WatchInfo: /home/euki/Disciplines/marketX/my-notes-clone 1 undefined Config: /home/euki/Disciplines/marketX/my-notes-clone/tsconfig.json WatchType: Wild card directory
Info 76   [08:50:02.835] Elapsed:: 0.47514599561691284ms DirectoryWatcher:: Triggered with /home/euki/Disciplines/marketX/my-notes-clone/.next/static/webpack/webpack.46f9089a109be61e.hot-update.js 1:: WatchInfo: /home/euki/Disciplines/marketX/my-notes-clone 1 undefined Config: /home/euki/Disciplines/marketX/my-notes-clone/tsconfig.json WatchType: Wild card directory
Info 77   [08:50:02.835] DirectoryWatcher:: Triggered with /home/euki/Disciplines/marketX/my-notes-clone/.next/static/webpack/46f9089a109be61e.webpack.hot-update.json 2:: WatchInfo: /home/euki/Disciplines/marketX/my-notes-clone 1 undefined Config: /home/euki/Disciplines/marketX/my-notes-clone/tsconfig.json WatchType: Wild card directory
Info 78   [08:50:02.836] Elapsed:: 0.4390439987182617ms DirectoryWatcher:: Triggered with /home/euki/Disciplines/marketX/my-notes-clone/.next/static/webpack/46f9089a109be61e.webpack.hot-update.json 2:: WatchInfo: /home/euki/Disciplines/marketX/my-notes-clone 1 undefined Config: /home/euki/Disciplines/marketX/my-notes-clone/tsconfig.json WatchType: Wild card directory
Info 79   [08:50:03.094] Starting updateGraphWorker: Project: /home/euki/Disciplines/marketX/my-notes-clone/tsconfig.json
Info 80   [08:50:03.097] Finishing updateGraphWorker: Project: /home/euki/Disciplines/marketX/my-notes-clone/tsconfig.json Version: 3 structureChanged: false structureIsReused:: Not Elapsed: 3.1675190031528473ms
Info 81   [08:50:05.337] Before ensureProjectForOpenFiles:
Info 82   [08:50:05.337] After ensureProjectForOpenFiles:
Info 83   [08:50:05.338] got projects updated in background, updating diagnostics for /home/euki/Disciplines/marketX/my-notes-clone/components/NotesApp.tsx
Info 84   [08:50:38.938] DirectoryWatcher:: Triggered with /home/euki/Disciplines/marketX/my-notes-clone/.next/static/webpack/pages/index.99c41628e9331413.hot-update.js 0:: WatchInfo: /home/euki/Disciplines/marketX/my-notes-clone 1 undefined Config: /home/euki/Disciplines/marketX/my-notes-clone/tsconfig.json WatchType: Wild card directory
Info 85   [08:50:38.939] Elapsed:: 0.6741999983787537ms DirectoryWatcher:: Triggered with /home/euki/Disciplines/marketX/my-notes-clone/.next/static/webpack/pages/index.99c41628e9331413.hot-update.js 0:: WatchInfo: /home/euki/Disciplines/marketX/my-notes-clone 1 undefined Config: /home/euki/Disciplines/marketX/my-notes-clone/tsconfig.json WatchType: Wild card directory
Info 86   [08:50:38.939] DirectoryWatcher:: Triggered with /home/euki/Disciplines/marketX/my-notes-clone/.next/static/webpack/webpack.99c41628e9331413.hot-update.js 1:: WatchInfo: /home/euki/Disciplines/marketX/my-notes-clone 1 undefined Config: /home/euki/Disciplines/marketX/my-notes-clone/tsconfig.json WatchType: Wild card directory
Info 87   [08:50:38.940] Elapsed:: 0.4720509946346283ms DirectoryWatcher:: Triggered with /home/euki/Disciplines/marketX/my-notes-clone/.next/static/webpack/webpack.99c41628e9331413.hot-update.js 1:: WatchInfo: /home/euki/Disciplines/marketX/my-notes-clone 1 undefined Config: /home/euki/Disciplines/marketX/my-notes-clone/tsconfig.json WatchType: Wild card directory
Info 88   [08:50:38.940] DirectoryWatcher:: Triggered with /home/euki/Disciplines/marketX/my-notes-clone/.next/static/webpack/99c41628e9331413.webpack.hot-update.json 2:: WatchInfo: /home/euki/Disciplines/marketX/my-notes-clone 1 undefined Config: /home/euki/Disciplines/marketX/my-notes-clone/tsconfig.json WatchType: Wild card directory
Info 89   [08:50:38.941] Elapsed:: 0.42579999566078186ms DirectoryWatcher:: Triggered with /home/euki/Disciplines/marketX/my-notes-clone/.next/static/webpack/99c41628e9331413.webpack.hot-update.json 2:: WatchInfo: /home/euki/Disciplines/marketX/my-notes-clone 1 undefined Config: /home/euki/Disciplines/marketX/my-notes-clone/tsconfig.json WatchType: Wild card directory
Info 90   [08:50:39.198] Starting updateGraphWorker: Project: /home/euki/Disciplines/marketX/my-notes-clone/tsconfig.json
Info 91   [08:50:39.201] Finishing updateGraphWorker: Project: /home/euki/Disciplines/marketX/my-notes-clone/tsconfig.json Version: 4 structureChanged: false structureIsReused:: Not Elapsed: 2.899872988462448ms
Info 92   [08:50:41.442] Before ensureProjectForOpenFiles:
Info 93   [08:50:41.442] After ensureProjectForOpenFiles:
Info 94   [08:50:41.443] got projects updated in background, updating diagnostics for /home/euki/Disciplines/marketX/my-notes-clone/components/NotesApp.tsx
Info 95   [08:51:34.271] DirectoryWatcher:: Triggered with /home/euki/Disciplines/marketX/my-notes-clone/.next/static/webpack/pages/index.ea0b58866eb73dd0.hot-update.js 0:: WatchInfo: /home/euki/Disciplines/marketX/my-notes-clone 1 undefined Config: /home/euki/Disciplines/marketX/my-notes-clone/tsconfig.json WatchType: Wild card directory
Info 96   [08:51:34.272] Elapsed:: 0.6378440260887146ms DirectoryWatcher:: Triggered with /home/euki/Disciplines/marketX/my-notes-clone/.next/static/webpack/pages/index.ea0b58866eb73dd0.hot-update.js 0:: WatchInfo: /home/euki/Disciplines/marketX/my-notes-clone 1 undefined Config: /home/euki/Disciplines/marketX/my-notes-clone/tsconfig.json WatchType: Wild card directory
Info 97   [08:51:34.272] DirectoryWatcher:: Triggered with /home/euki/Disciplines/marketX/my-notes-clone/.next/static/webpack/webpack.ea0b58866eb73dd0.hot-update.js 1:: WatchInfo: /home/euki/Disciplines/marketX/my-notes-clone 1 undefined Config: /home/euki/Disciplines/marketX/my-notes-clone/tsconfig.json WatchType: Wild card directory
Info 98   [08:51:34.273] Elapsed:: 0.48216500878334045ms DirectoryWatcher:: Triggered with /home/euki/Disciplines/marketX/my-notes-clone/.next/static/webpack/webpack.ea0b58866eb73dd0.hot-update.js 1:: WatchInfo: /home/euki/Disciplines/marketX/my-notes-clone 1 undefined Config: /home/euki/Disciplines/marketX/my-notes-clone/tsconfig.json WatchType: Wild card directory
Info 99   [08:51:34.273] DirectoryWatcher:: Triggered with /home/euki/Disciplines/marketX/my-notes-clone/.next/static/webpack/ea0b58866eb73dd0.webpack.hot-update.json 2:: WatchInfo: /home/euki/Disciplines/marketX/my-notes-clone 1 undefined Config: /home/euki/Disciplines/marketX/my-notes-clone/tsconfig.json WatchType: Wild card directory
Info 100  [08:51:34.273] Elapsed:: 0.40503400564193726ms DirectoryWatcher:: Triggered with /home/euki/Disciplines/marketX/my-notes-clone/.next/static/webpack/ea0b58866eb73dd0.webpack.hot-update.json 2:: WatchInfo: /home/euki/Disciplines/marketX/my-notes-clone 1 undefined Config: /home/euki/Disciplines/marketX/my-notes-clone/tsconfig.json WatchType: Wild card directory
Info 101  [08:51:34.530] Starting updateGraphWorker: Project: /home/euki/Disciplines/marketX/my-notes-clone/tsconfig.json
Info 102  [08:51:34.533] Finishing updateGraphWorker: Project: /home/euki/Disciplines/marketX/my-notes-clone/tsconfig.json Version: 5 structureChanged: false structureIsReused:: Not Elapsed: 3.1548520028591156ms
Info 103  [08:51:36.774] Before ensureProjectForOpenFiles:
Info 104  [08:51:36.775] After ensureProjectForOpenFiles:
Info 105  [08:51:36.775] got projects updated in background, updating diagnostics for /home/euki/Disciplines/marketX/my-notes-clone/components/NotesApp.tsx
Info 106  [08:51:50.167] DirectoryWatcher:: Triggered with /home/euki/Disciplines/marketX/my-notes-clone/.next/static/webpack/pages/index.d69e98783f56ecf3.hot-update.js 0:: WatchInfo: /home/euki/Disciplines/marketX/my-notes-clone 1 undefined Config: /home/euki/Disciplines/marketX/my-notes-clone/tsconfig.json WatchType: Wild card directory
Info 107  [08:51:50.167] Elapsed:: 0.5408080220222473ms DirectoryWatcher:: Triggered with /home/euki/Disciplines/marketX/my-notes-clone/.next/static/webpack/pages/index.d69e98783f56ecf3.hot-update.js 0:: WatchInfo: /home/euki/Disciplines/marketX/my-notes-clone 1 undefined Config: /home/euki/Disciplines/marketX/my-notes-clone/tsconfig.json WatchType: Wild card directory
Info 108  [08:51:50.167] DirectoryWatcher:: Triggered with /home/euki/Disciplines/marketX/my-notes-clone/.next/static/webpack/webpack.d69e98783f56ecf3.hot-update.js 1:: WatchInfo: /home/euki/Disciplines/marketX/my-notes-clone 1 undefined Config: /home/euki/Disciplines/marketX/my-notes-clone/tsconfig.json WatchType: Wild card directory
Info 109  [08:51:50.168] Elapsed:: 0.4593159854412079ms DirectoryWatcher:: Triggered with /home/euki/Disciplines/marketX/my-notes-clone/.next/static/webpack/webpack.d69e98783f56ecf3.hot-update.js 1:: WatchInfo: /home/euki/Disciplines/marketX/my-notes-clone 1 undefined Config: /home/euki/Disciplines/marketX/my-notes-clone/tsconfig.json WatchType: Wild card directory
Info 110  [08:51:50.168] DirectoryWatcher:: Triggered with /home/euki/Disciplines/marketX/my-notes-clone/.next/static/webpack/d69e98783f56ecf3.webpack.hot-update.json 2:: WatchInfo: /home/euki/Disciplines/marketX/my-notes-clone 1 undefined Config: /home/euki/Disciplines/marketX/my-notes-clone/tsconfig.json WatchType: Wild card directory
Info 111  [08:51:50.169] Elapsed:: 0.3947030007839203ms DirectoryWatcher:: Triggered with /home/euki/Disciplines/marketX/my-notes-clone/.next/static/webpack/d69e98783f56ecf3.webpack.hot-update.json 2:: WatchInfo: /home/euki/Disciplines/marketX/my-notes-clone 1 undefined Config: /home/euki/Disciplines/marketX/my-notes-clone/tsconfig.json WatchType: Wild card directory
Info 112  [08:51:50.425] Starting updateGraphWorker: Project: /home/euki/Disciplines/marketX/my-notes-clone/tsconfig.json
Info 113  [08:51:50.428] Finishing updateGraphWorker: Project: /home/euki/Disciplines/marketX/my-notes-clone/tsconfig.json Version: 6 structureChanged: false structureIsReused:: Not Elapsed: 2.7167830169200897ms
Info 114  [08:51:51.233] DirectoryWatcher:: Triggered with /home/euki/Disciplines/marketX/my-notes-clone/.next/cache/webpack/client-development/3.pack_ 0:: WatchInfo: /home/euki/Disciplines/marketX/my-notes-clone 1 undefined Config: /home/euki/Disciplines/marketX/my-notes-clone/tsconfig.json WatchType: Wild card directory
Info 115  [08:51:51.234] Project: /home/euki/Disciplines/marketX/my-notes-clone/tsconfig.json Detected file add/remove of non supported extension: /home/euki/Disciplines/marketX/my-notes-clone/.next/cache/webpack/client-development/3.pack_
Info 116  [08:51:51.234] Elapsed:: 0.29089999198913574ms DirectoryWatcher:: Triggered with /home/euki/Disciplines/marketX/my-notes-clone/.next/cache/webpack/client-development/3.pack_ 0:: WatchInfo: /home/euki/Disciplines/marketX/my-notes-clone 1 undefined Config: /home/euki/Disciplines/marketX/my-notes-clone/tsconfig.json WatchType: Wild card directory
Info 117  [08:51:51.234] DirectoryWatcher:: Triggered with /home/euki/Disciplines/marketX/my-notes-clone/.next/cache/webpack/client-development/index.pack_ 1:: WatchInfo: /home/euki/Disciplines/marketX/my-notes-clone 1 undefined Config: /home/euki/Disciplines/marketX/my-notes-clone/tsconfig.json WatchType: Wild card directory
Info 118  [08:51:51.234] Project: /home/euki/Disciplines/marketX/my-notes-clone/tsconfig.json Detected file add/remove of non supported extension: /home/euki/Disciplines/marketX/my-notes-clone/.next/cache/webpack/client-development/index.pack_
Info 119  [08:51:51.234] Elapsed:: 0.17953702807426453ms DirectoryWatcher:: Triggered with /home/euki/Disciplines/marketX/my-notes-clone/.next/cache/webpack/client-development/index.pack_ 1:: WatchInfo: /home/euki/Disciplines/marketX/my-notes-clone 1 undefined Config: /home/euki/Disciplines/marketX/my-notes-clone/tsconfig.json WatchType: Wild card directory
Info 120  [08:51:51.234] DirectoryWatcher:: Triggered with /home/euki/Disciplines/marketX/my-notes-clone/.next/cache/webpack/client-development/index.pack 2:: WatchInfo: /home/euki/Disciplines/marketX/my-notes-clone 1 undefined Config: /home/euki/Disciplines/marketX/my-notes-clone/tsconfig.json WatchType: Wild card directory
Info 121  [08:51:51.234] Project: /home/euki/Disciplines/marketX/my-notes-clone/tsconfig.json Detected file add/remove of non supported extension: /home/euki/Disciplines/marketX/my-notes-clone/.next/cache/webpack/client-development/index.pack
Info 122  [08:51:51.235] Elapsed:: 0.178041011095047ms DirectoryWatcher:: Triggered with /home/euki/Disciplines/marketX/my-notes-clone/.next/cache/webpack/client-development/index.pack 2:: WatchInfo: /home/euki/Disciplines/marketX/my-notes-clone 1 undefined Config: /home/euki/Disciplines/marketX/my-notes-clone/tsconfig.json WatchType: Wild card directory
Info 123  [08:51:51.235] DirectoryWatcher:: Triggered with /home/euki/Disciplines/marketX/my-notes-clone/.next/cache/webpack/client-development/index.pack.old 3:: WatchInfo: /home/euki/Disciplines/marketX/my-notes-clone 1 undefined Config: /home/euki/Disciplines/marketX/my-notes-clone/tsconfig.json WatchType: Wild card directory
Info 124  [08:51:51.235] Project: /home/euki/Disciplines/marketX/my-notes-clone/tsconfig.json Detected file add/remove of non supported extension: /home/euki/Disciplines/marketX/my-notes-clone/.next/cache/webpack/client-development/index.pack.old
Info 125  [08:51:51.235] Elapsed:: 0.17038199305534363ms DirectoryWatcher:: Triggered with /home/euki/Disciplines/marketX/my-notes-clone/.next/cache/webpack/client-development/index.pack.old 3:: WatchInfo: /home/euki/Disciplines/marketX/my-notes-clone 1 undefined Config: /home/euki/Disciplines/marketX/my-notes-clone/tsconfig.json WatchType: Wild card directory
Info 126  [08:51:51.235] DirectoryWatcher:: Triggered with /home/euki/Disciplines/marketX/my-notes-clone/.next/cache/webpack/client-development/3.pack_ 4:: WatchInfo: /home/euki/Disciplines/marketX/my-notes-clone 1 undefined Config: /home/euki/Disciplines/marketX/my-notes-clone/tsconfig.json WatchType: Wild card directory
Info 127  [08:51:51.235] Project: /home/euki/Disciplines/marketX/my-notes-clone/tsconfig.json Detected file add/remove of non supported extension: /home/euki/Disciplines/marketX/my-notes-clone/.next/cache/webpack/client-development/3.pack_
Info 128  [08:51:51.235] Elapsed:: 0.15722200274467468ms DirectoryWatcher:: Triggered with /home/euki/Disciplines/marketX/my-notes-clone/.next/cache/webpack/client-development/3.pack_ 4:: WatchInfo: /home/euki/Disciplines/marketX/my-notes-clone 1 undefined Config: /home/euki/Disciplines/marketX/my-notes-clone/tsconfig.json WatchType: Wild card directory
Info 129  [08:51:51.235] DirectoryWatcher:: Triggered with /home/euki/Disciplines/marketX/my-notes-clone/.next/cache/webpack/client-development/3.pack 5:: WatchInfo: /home/euki/Disciplines/marketX/my-notes-clone 1 undefined Config: /home/euki/Disciplines/marketX/my-notes-clone/tsconfig.json WatchType: Wild card directory
Info 130  [08:51:51.235] Project: /home/euki/Disciplines/marketX/my-notes-clone/tsconfig.json Detected file add/remove of non supported extension: /home/euki/Disciplines/marketX/my-notes-clone/.next/cache/webpack/client-development/3.pack
Info 131  [08:51:51.235] Elapsed:: 0.13979899883270264ms DirectoryWatcher:: Triggered with /home/euki/Disciplines/marketX/my-notes-clone/.next/cache/webpack/client-development/3.pack 5:: WatchInfo: /home/euki/Disciplines/marketX/my-notes-clone 1 undefined Config: /home/euki/Disciplines/marketX/my-notes-clone/tsconfig.json WatchType: Wild card directory
Info 132  [08:51:51.235] DirectoryWatcher:: Triggered with /home/euki/Disciplines/marketX/my-notes-clone/.next/cache/webpack/client-development/index.pack_ 6:: WatchInfo: /home/euki/Disciplines/marketX/my-notes-clone 1 undefined Config: /home/euki/Disciplines/marketX/my-notes-clone/tsconfig.json WatchType: Wild card directory
Info 133  [08:51:51.236] Project: /home/euki/Disciplines/marketX/my-notes-clone/tsconfig.json Detected file add/remove of non supported extension: /home/euki/Disciplines/marketX/my-notes-clone/.next/cache/webpack/client-development/index.pack_
Info 134  [08:51:51.236] Elapsed:: 0.15158799290657043ms DirectoryWatcher:: Triggered with /home/euki/Disciplines/marketX/my-notes-clone/.next/cache/webpack/client-development/index.pack_ 6:: WatchInfo: /home/euki/Disciplines/marketX/my-notes-clone 1 undefined Config: /home/euki/Disciplines/marketX/my-notes-clone/tsconfig.json WatchType: Wild card directory
Info 135  [08:51:51.236] DirectoryWatcher:: Triggered with /home/euki/Disciplines/marketX/my-notes-clone/.next/cache/webpack/client-development/index.pack 7:: WatchInfo: /home/euki/Disciplines/marketX/my-notes-clone 1 undefined Config: /home/euki/Disciplines/marketX/my-notes-clone/tsconfig.json WatchType: Wild card directory
Info 136  [08:51:51.236] Project: /home/euki/Disciplines/marketX/my-notes-clone/tsconfig.json Detected file add/remove of non supported extension: /home/euki/Disciplines/marketX/my-notes-clone/.next/cache/webpack/client-development/index.pack
Info 137  [08:51:51.236] Elapsed:: 0.1438010036945343ms DirectoryWatcher:: Triggered with /home/euki/Disciplines/marketX/my-notes-clone/.next/cache/webpack/client-development/index.pack 7:: WatchInfo: /home/euki/Disciplines/marketX/my-notes-clone 1 undefined Config: /home/euki/Disciplines/marketX/my-notes-clone/tsconfig.json WatchType: Wild card directory
Info 138  [08:51:52.670] Before ensureProjectForOpenFiles:
Info 139  [08:51:52.671] After ensureProjectForOpenFiles:
Info 140  [08:51:52.671] got projects updated in background, updating diagnostics for /home/euki/Disciplines/marketX/my-notes-clone/components/NotesApp.tsx
Info 141  [08:52:10.694] DirectoryWatcher:: Triggered with /home/euki/Disciplines/marketX/my-notes-clone/.next/static/webpack/pages/index.b871d2114747aaa4.hot-update.js 0:: WatchInfo: /home/euki/Disciplines/marketX/my-notes-clone 1 undefined Config: /home/euki/Disciplines/marketX/my-notes-clone/tsconfig.json WatchType: Wild card directory
Info 142  [08:52:10.695] Elapsed:: 0.24723601341247559ms DirectoryWatcher:: Triggered with /home/euki/Disciplines/marketX/my-notes-clone/.next/static/webpack/pages/index.b871d2114747aaa4.hot-update.js 0:: WatchInfo: /home/euki/Disciplines/marketX/my-notes-clone 1 undefined Config: /home/euki/Disciplines/marketX/my-notes-clone/tsconfig.json WatchType: Wild card directory
Info 143  [08:52:10.695] DirectoryWatcher:: Triggered with /home/euki/Disciplines/marketX/my-notes-clone/.next/static/webpack/webpack.b871d2114747aaa4.hot-update.js 1:: WatchInfo: /home/euki/Disciplines/marketX/my-notes-clone 1 undefined Config: /home/euki/Disciplines/marketX/my-notes-clone/tsconfig.json WatchType: Wild card directory
Info 144  [08:52:10.695] Elapsed:: 0.19540801644325256ms DirectoryWatcher:: Triggered with /home/euki/Disciplines/marketX/my-notes-clone/.next/static/webpack/webpack.b871d2114747aaa4.hot-update.js 1:: WatchInfo: /home/euki/Disciplines/marketX/my-notes-clone 1 undefined Config: /home/euki/Disciplines/marketX/my-notes-clone/tsconfig.json WatchType: Wild card directory
Info 145  [08:52:10.695] DirectoryWatcher:: Triggered with /home/euki/Disciplines/marketX/my-notes-clone/.next/static/webpack/b871d2114747aaa4.webpack.hot-update.json 2:: WatchInfo: /home/euki/Disciplines/marketX/my-notes-clone 1 undefined Config: /home/euki/Disciplines/marketX/my-notes-clone/tsconfig.json WatchType: Wild card directory
Info 146  [08:52:10.695] Elapsed:: 0.18556100130081177ms DirectoryWatcher:: Triggered with /home/euki/Disciplines/marketX/my-notes-clone/.next/static/webpack/b871d2114747aaa4.webpack.hot-update.json 2:: WatchInfo: /home/euki/Disciplines/marketX/my-notes-clone 1 undefined Config: /home/euki/Disciplines/marketX/my-notes-clone/tsconfig.json WatchType: Wild card directory
Info 147  [08:52:10.953] Starting updateGraphWorker: Project: /home/euki/Disciplines/marketX/my-notes-clone/tsconfig.json
Info 148  [08:52:10.956] Finishing updateGraphWorker: Project: /home/euki/Disciplines/marketX/my-notes-clone/tsconfig.json Version: 7 structureChanged: false structureIsReused:: Not Elapsed: 2.897798001766205ms
Info 149  [08:52:13.195] Before ensureProjectForOpenFiles:
Info 150  [08:52:13.195] After ensureProjectForOpenFiles:
Info 151  [08:52:13.196] got projects updated in background, updating diagnostics for /home/euki/Disciplines/marketX/my-notes-clone/components/NotesApp.tsx
Info 152  [08:52:26.946] DirectoryWatcher:: Triggered with /home/euki/Disciplines/marketX/my-notes-clone/.next/static/webpack/pages/index.5a2928e557bd3ab3.hot-update.js 0:: WatchInfo: /home/euki/Disciplines/marketX/my-notes-clone 1 undefined Config: /home/euki/Disciplines/marketX/my-notes-clone/tsconfig.json WatchType: Wild card directory
Info 153  [08:52:26.947] Elapsed:: 0.657474011182785ms DirectoryWatcher:: Triggered with /home/euki/Disciplines/marketX/my-notes-clone/.next/static/webpack/pages/index.5a2928e557bd3ab3.hot-update.js 0:: WatchInfo: /home/euki/Disciplines/marketX/my-notes-clone 1 undefined Config: /home/euki/Disciplines/marketX/my-notes-clone/tsconfig.json WatchType: Wild card directory
Info 154  [08:52:26.947] DirectoryWatcher:: Triggered with /home/euki/Disciplines/marketX/my-notes-clone/.next/static/webpack/webpack.5a2928e557bd3ab3.hot-update.js 1:: WatchInfo: /home/euki/Disciplines/marketX/my-notes-clone 1 undefined Config: /home/euki/Disciplines/marketX/my-notes-clone/tsconfig.json WatchType: Wild card directory
Info 155  [08:52:26.947] Elapsed:: 0.4900769889354706ms DirectoryWatcher:: Triggered with /home/euki/Disciplines/marketX/my-notes-clone/.next/static/webpack/webpack.5a2928e557bd3ab3.hot-update.js 1:: WatchInfo: /home/euki/Disciplines/marketX/my-notes-clone 1 undefined Config: /home/euki/Disciplines/marketX/my-notes-clone/tsconfig.json WatchType: Wild card directory
Info 156  [08:52:26.948] DirectoryWatcher:: Triggered with /home/euki/Disciplines/marketX/my-notes-clone/.next/static/webpack/5a2928e557bd3ab3.webpack.hot-update.json 2:: WatchInfo: /home/euki/Disciplines/marketX/my-notes-clone 1 undefined Config: /home/euki/Disciplines/marketX/my-notes-clone/tsconfig.json WatchType: Wild card directory
Info 157  [08:52:26.948] Elapsed:: 0.39417800307273865ms DirectoryWatcher:: Triggered with /home/euki/Disciplines/marketX/my-notes-clone/.next/static/webpack/5a2928e557bd3ab3.webpack.hot-update.json 2:: WatchInfo: /home/euki/Disciplines/marketX/my-notes-clone 1 undefined Config: /home/euki/Disciplines/marketX/my-notes-clone/tsconfig.json WatchType: Wild card directory
Info 158  [08:52:27.204] Starting updateGraphWorker: Project: /home/euki/Disciplines/marketX/my-notes-clone/tsconfig.json
Info 159  [08:52:27.208] Finishing updateGraphWorker: Project: /home/euki/Disciplines/marketX/my-notes-clone/tsconfig.json Version: 8 structureChanged: false structureIsReused:: Not Elapsed: 4.390890002250671ms
Info 160  [08:52:29.449] Before ensureProjectForOpenFiles:
Info 161  [08:52:29.450] After ensureProjectForOpenFiles:
Info 162  [08:52:29.450] got projects updated in background, updating diagnostics for /home/euki/Disciplines/marketX/my-notes-clone/components/NotesApp.tsx
Info 163  [08:52:52.357] DirectoryWatcher:: Triggered with /home/euki/Disciplines/marketX/my-notes-clone/.next/static/webpack/pages/index.9b5d69f889be24c4.hot-update.js 0:: WatchInfo: /home/euki/Disciplines/marketX/my-notes-clone 1 undefined Config: /home/euki/Disciplines/marketX/my-notes-clone/tsconfig.json WatchType: Wild card directory
Info 164  [08:52:52.358] Elapsed:: 0.529153972864151ms DirectoryWatcher:: Triggered with /home/euki/Disciplines/marketX/my-notes-clone/.next/static/webpack/pages/index.9b5d69f889be24c4.hot-update.js 0:: WatchInfo: /home/euki/Disciplines/marketX/my-notes-clone 1 undefined Config: /home/euki/Disciplines/marketX/my-notes-clone/tsconfig.json WatchType: Wild card directory
Info 165  [08:52:52.358] DirectoryWatcher:: Triggered with /home/euki/Disciplines/marketX/my-notes-clone/.next/static/webpack/webpack.9b5d69f889be24c4.hot-update.js 1:: WatchInfo: /home/euki/Disciplines/marketX/my-notes-clone 1 undefined Config: /home/euki/Disciplines/marketX/my-notes-clone/tsconfig.json WatchType: Wild card directory
Info 166  [08:52:52.359] Elapsed:: 0.44738101959228516ms DirectoryWatcher:: Triggered with /home/euki/Disciplines/marketX/my-notes-clone/.next/static/webpack/webpack.9b5d69f889be24c4.hot-update.js 1:: WatchInfo: /home/euki/Disciplines/marketX/my-notes-clone 1 undefined Config: /home/euki/Disciplines/marketX/my-notes-clone/tsconfig.json WatchType: Wild card directory
Info 167  [08:52:52.359] DirectoryWatcher:: Triggered with /home/euki/Disciplines/marketX/my-notes-clone/.next/static/webpack/9b5d69f889be24c4.webpack.hot-update.json 2:: WatchInfo: /home/euki/Disciplines/marketX/my-notes-clone 1 undefined Config: /home/euki/Disciplines/marketX/my-notes-clone/tsconfig.json WatchType: Wild card directory
Info 168  [08:52:52.360] Elapsed:: 0.38467198610305786ms DirectoryWatcher:: Triggered with /home/euki/Disciplines/marketX/my-notes-clone/.next/static/webpack/9b5d69f889be24c4.webpack.hot-update.json 2:: WatchInfo: /home/euki/Disciplines/marketX/my-notes-clone 1 undefined Config: /home/euki/Disciplines/marketX/my-notes-clone/tsconfig.json WatchType: Wild card directory
Info 169  [08:52:52.618] Starting updateGraphWorker: Project: /home/euki/Disciplines/marketX/my-notes-clone/tsconfig.json
Info 170  [08:52:52.623] Finishing updateGraphWorker: Project: /home/euki/Disciplines/marketX/my-notes-clone/tsconfig.json Version: 9 structureChanged: false structureIsReused:: Not Elapsed: 4.745489001274109ms
Info 171  [08:52:54.861] Before ensureProjectForOpenFiles:
Info 172  [08:52:54.861] After ensureProjectForOpenFiles:
Info 173  [08:52:54.861] got projects updated in background, updating diagnostics for /home/euki/Disciplines/marketX/my-notes-clone/components/NotesApp.tsx
Info 174  [08:53:20.525] DirectoryWatcher:: Triggered with /home/euki/Disciplines/marketX/my-notes-clone/.next/static/webpack/pages/index.d9c471115e34ce54.hot-update.js 0:: WatchInfo: /home/euki/Disciplines/marketX/my-notes-clone 1 undefined Config: /home/euki/Disciplines/marketX/my-notes-clone/tsconfig.json WatchType: Wild card directory
Info 175  [08:53:20.526] Elapsed:: 0.481330007314682ms DirectoryWatcher:: Triggered with /home/euki/Disciplines/marketX/my-notes-clone/.next/static/webpack/pages/index.d9c471115e34ce54.hot-update.js 0:: WatchInfo: /home/euki/Disciplines/marketX/my-notes-clone 1 undefined Config: /home/euki/Disciplines/marketX/my-notes-clone/tsconfig.json WatchType: Wild card directory
Info 176  [08:53:20.526] DirectoryWatcher:: Triggered with /home/euki/Disciplines/marketX/my-notes-clone/.next/static/webpack/webpack.d9c471115e34ce54.hot-update.js 1:: WatchInfo: /home/euki/Disciplines/marketX/my-notes-clone 1 undefined Config: /home/euki/Disciplines/marketX/my-notes-clone/tsconfig.json WatchType: Wild card directory
Info 177  [08:53:20.527] Elapsed:: 0.42115598917007446ms DirectoryWatcher:: Triggered with /home/euki/Disciplines/marketX/my-notes-clone/.next/static/webpack/webpack.d9c471115e34ce54.hot-update.js 1:: WatchInfo: /home/euki/Disciplines/marketX/my-notes-clone 1 undefined Config: /home/euki/Disciplines/marketX/my-notes-clone/tsconfig.json WatchType: Wild card directory
Info 178  [08:53:20.527] DirectoryWatcher:: Triggered with /home/euki/Disciplines/marketX/my-notes-clone/.next/static/webpack/d9c471115e34ce54.webpack.hot-update.json 2:: WatchInfo: /home/euki/Disciplines/marketX/my-notes-clone 1 undefined Config: /home/euki/Disciplines/marketX/my-notes-clone/tsconfig.json WatchType: Wild card directory
Info 179  [08:53:20.529] Elapsed:: 1.7924590110778809ms DirectoryWatcher:: Triggered with /home/euki/Disciplines/marketX/my-notes-clone/.next/static/webpack/d9c471115e34ce54.webpack.hot-update.json 2:: WatchInfo: /home/euki/Disciplines/marketX/my-notes-clone 1 undefined Config: /home/euki/Disciplines/marketX/my-notes-clone/tsconfig.json WatchType: Wild card directory
Info 180  [08:53:20.787] Starting updateGraphWorker: Project: /home/euki/Disciplines/marketX/my-notes-clone/tsconfig.json
Info 181  [08:53:20.797] Finishing updateGraphWorker: Project: /home/euki/Disciplines/marketX/my-notes-clone/tsconfig.json Version: 10 structureChanged: false structureIsReused:: Not Elapsed: 10.040610998868942ms
Info 182  [08:53:21.588] DirectoryWatcher:: Triggered with /home/euki/Disciplines/marketX/my-notes-clone/.next/cache/webpack/client-development/3.pack_ 0:: WatchInfo: /home/euki/Disciplines/marketX/my-notes-clone 1 undefined Config: /home/euki/Disciplines/marketX/my-notes-clone/tsconfig.json WatchType: Wild card directory
Info 183  [08:53:21.589] Project: /home/euki/Disciplines/marketX/my-notes-clone/tsconfig.json Detected file add/remove of non supported extension: /home/euki/Disciplines/marketX/my-notes-clone/.next/cache/webpack/client-development/3.pack_
Info 184  [08:53:21.589] Elapsed:: 0.306318998336792ms DirectoryWatcher:: Triggered with /home/euki/Disciplines/marketX/my-notes-clone/.next/cache/webpack/client-development/3.pack_ 0:: WatchInfo: /home/euki/Disciplines/marketX/my-notes-clone 1 undefined Config: /home/euki/Disciplines/marketX/my-notes-clone/tsconfig.json WatchType: Wild card directory
Info 185  [08:53:21.589] DirectoryWatcher:: Triggered with /home/euki/Disciplines/marketX/my-notes-clone/.next/cache/webpack/client-development/index.pack_ 1:: WatchInfo: /home/euki/Disciplines/marketX/my-notes-clone 1 undefined Config: /home/euki/Disciplines/marketX/my-notes-clone/tsconfig.json WatchType: Wild card directory
Info 186  [08:53:21.589] Project: /home/euki/Disciplines/marketX/my-notes-clone/tsconfig.json Detected file add/remove of non supported extension: /home/euki/Disciplines/marketX/my-notes-clone/.next/cache/webpack/client-development/index.pack_
Info 187  [08:53:21.589] Elapsed:: 0.18503201007843018ms DirectoryWatcher:: Triggered with /home/euki/Disciplines/marketX/my-notes-clone/.next/cache/webpack/client-development/index.pack_ 1:: WatchInfo: /home/euki/Disciplines/marketX/my-notes-clone 1 undefined Config: /home/euki/Disciplines/marketX/my-notes-clone/tsconfig.json WatchType: Wild card directory
Info 188  [08:53:21.589] DirectoryWatcher:: Triggered with /home/euki/Disciplines/marketX/my-notes-clone/.next/cache/webpack/client-development/index.pack 2:: WatchInfo: /home/euki/Disciplines/marketX/my-notes-clone 1 undefined Config: /home/euki/Disciplines/marketX/my-notes-clone/tsconfig.json WatchType: Wild card directory
Info 189  [08:53:21.589] Project: /home/euki/Disciplines/marketX/my-notes-clone/tsconfig.json Detected file add/remove of non supported extension: /home/euki/Disciplines/marketX/my-notes-clone/.next/cache/webpack/client-development/index.pack
Info 190  [08:53:21.590] Elapsed:: 0.1792440116405487ms DirectoryWatcher:: Triggered with /home/euki/Disciplines/marketX/my-notes-clone/.next/cache/webpack/client-development/index.pack 2:: WatchInfo: /home/euki/Disciplines/marketX/my-notes-clone 1 undefined Config: /home/euki/Disciplines/marketX/my-notes-clone/tsconfig.json WatchType: Wild card directory
Info 191  [08:53:21.590] DirectoryWatcher:: Triggered with /home/euki/Disciplines/marketX/my-notes-clone/.next/cache/webpack/client-development/index.pack.old 3:: WatchInfo: /home/euki/Disciplines/marketX/my-notes-clone 1 undefined Config: /home/euki/Disciplines/marketX/my-notes-clone/tsconfig.json WatchType: Wild card directory
Info 192  [08:53:21.590] Project: /home/euki/Disciplines/marketX/my-notes-clone/tsconfig.json Detected file add/remove of non supported extension: /home/euki/Disciplines/marketX/my-notes-clone/.next/cache/webpack/client-development/index.pack.old
Info 193  [08:53:21.590] Elapsed:: 0.22887101769447327ms DirectoryWatcher:: Triggered with /home/euki/Disciplines/marketX/my-notes-clone/.next/cache/webpack/client-development/index.pack.old 3:: WatchInfo: /home/euki/Disciplines/marketX/my-notes-clone 1 undefined Config: /home/euki/Disciplines/marketX/my-notes-clone/tsconfig.json WatchType: Wild card directory
Info 194  [08:53:21.590] DirectoryWatcher:: Triggered with /home/euki/Disciplines/marketX/my-notes-clone/.next/cache/webpack/client-development/3.pack_ 4:: WatchInfo: /home/euki/Disciplines/marketX/my-notes-clone 1 undefined Config: /home/euki/Disciplines/marketX/my-notes-clone/tsconfig.json WatchType: Wild card directory
Info 195  [08:53:21.590] Project: /home/euki/Disciplines/marketX/my-notes-clone/tsconfig.json Detected file add/remove of non supported extension: /home/euki/Disciplines/marketX/my-notes-clone/.next/cache/webpack/client-development/3.pack_
Info 196  [08:53:21.590] Elapsed:: 0.18215501308441162ms DirectoryWatcher:: Triggered with /home/euki/Disciplines/marketX/my-notes-clone/.next/cache/webpack/client-development/3.pack_ 4:: WatchInfo: /home/euki/Disciplines/marketX/my-notes-clone 1 undefined Config: /home/euki/Disciplines/marketX/my-notes-clone/tsconfig.json WatchType: Wild card directory
Info 197  [08:53:21.590] DirectoryWatcher:: Triggered with /home/euki/Disciplines/marketX/my-notes-clone/.next/cache/webpack/client-development/3.pack 5:: WatchInfo: /home/euki/Disciplines/marketX/my-notes-clone 1 undefined Config: /home/euki/Disciplines/marketX/my-notes-clone/tsconfig.json WatchType: Wild card directory
Info 198  [08:53:21.591] Project: /home/euki/Disciplines/marketX/my-notes-clone/tsconfig.json Detected file add/remove of non supported extension: /home/euki/Disciplines/marketX/my-notes-clone/.next/cache/webpack/client-development/3.pack
Info 199  [08:53:21.591] Elapsed:: 0.15938299894332886ms DirectoryWatcher:: Triggered with /home/euki/Disciplines/marketX/my-notes-clone/.next/cache/webpack/client-development/3.pack 5:: WatchInfo: /home/euki/Disciplines/marketX/my-notes-clone 1 undefined Config: /home/euki/Disciplines/marketX/my-notes-clone/tsconfig.json WatchType: Wild card directory
Info 200  [08:53:21.591] DirectoryWatcher:: Triggered with /home/euki/Disciplines/marketX/my-notes-clone/.next/cache/webpack/client-development/index.pack_ 6:: WatchInfo: /home/euki/Disciplines/marketX/my-notes-clone 1 undefined Config: /home/euki/Disciplines/marketX/my-notes-clone/tsconfig.json WatchType: Wild card directory
Info 201  [08:53:21.591] Project: /home/euki/Disciplines/marketX/my-notes-clone/tsconfig.json Detected file add/remove of non supported extension: /home/euki/Disciplines/marketX/my-notes-clone/.next/cache/webpack/client-development/index.pack_
Info 202  [08:53:21.591] Elapsed:: 0.1677980124950409ms DirectoryWatcher:: Triggered with /home/euki/Disciplines/marketX/my-notes-clone/.next/cache/webpack/client-development/index.pack_ 6:: WatchInfo: /home/euki/Disciplines/marketX/my-notes-clone 1 undefined Config: /home/euki/Disciplines/marketX/my-notes-clone/tsconfig.json WatchType: Wild card directory
Info 203  [08:53:21.591] DirectoryWatcher:: Triggered with /home/euki/Disciplines/marketX/my-notes-clone/.next/cache/webpack/client-development/index.pack 7:: WatchInfo: /home/euki/Disciplines/marketX/my-notes-clone 1 undefined Config: /home/euki/Disciplines/marketX/my-notes-clone/tsconfig.json WatchType: Wild card directory
Info 204  [08:53:21.591] Project: /home/euki/Disciplines/marketX/my-notes-clone/tsconfig.json Detected file add/remove of non supported extension: /home/euki/Disciplines/marketX/my-notes-clone/.next/cache/webpack/client-development/index.pack
Info 205  [08:53:21.591] Elapsed:: 0.16795897483825684ms DirectoryWatcher:: Triggered with /home/euki/Disciplines/marketX/my-notes-clone/.next/cache/webpack/client-development/index.pack 7:: WatchInfo: /home/euki/Disciplines/marketX/my-notes-clone 1 undefined Config: /home/euki/Disciplines/marketX/my-notes-clone/tsconfig.json WatchType: Wild card directory
Info 206  [08:53:23.030] Before ensureProjectForOpenFiles:
Info 207  [08:53:23.030] After ensureProjectForOpenFiles:
Info 208  [08:53:23.030] got projects updated in background, updating diagnostics for /home/euki/Disciplines/marketX/my-notes-clone/components/NotesApp.tsx
Info 209  [08:53:38.918] DirectoryWatcher:: Triggered with /home/euki/Disciplines/marketX/my-notes-clone/.next/static/webpack/pages/index.9f828b9fd6a1540a.hot-update.js 0:: WatchInfo: /home/euki/Disciplines/marketX/my-notes-clone 1 undefined Config: /home/euki/Disciplines/marketX/my-notes-clone/tsconfig.json WatchType: Wild card directory
Info 210  [08:53:38.919] Elapsed:: 0.5279240012168884ms DirectoryWatcher:: Triggered with /home/euki/Disciplines/marketX/my-notes-clone/.next/static/webpack/pages/index.9f828b9fd6a1540a.hot-update.js 0:: WatchInfo: /home/euki/Disciplines/marketX/my-notes-clone 1 undefined Config: /home/euki/Disciplines/marketX/my-notes-clone/tsconfig.json WatchType: Wild card directory
Info 211  [08:53:38.919] DirectoryWatcher:: Triggered with /home/euki/Disciplines/marketX/my-notes-clone/.next/static/webpack/webpack.9f828b9fd6a1540a.hot-update.js 1:: WatchInfo: /home/euki/Disciplines/marketX/my-notes-clone 1 undefined Config: /home/euki/Disciplines/marketX/my-notes-clone/tsconfig.json WatchType: Wild card directory
Info 212  [08:53:38.919] Elapsed:: 0.36927399039268494ms DirectoryWatcher:: Triggered with /home/euki/Disciplines/marketX/my-notes-clone/.next/static/webpack/webpack.9f828b9fd6a1540a.hot-update.js 1:: WatchInfo: /home/euki/Disciplines/marketX/my-notes-clone 1 undefined Config: /home/euki/Disciplines/marketX/my-notes-clone/tsconfig.json WatchType: Wild card directory
Info 213  [08:53:38.919] DirectoryWatcher:: Triggered with /home/euki/Disciplines/marketX/my-notes-clone/.next/static/webpack/9f828b9fd6a1540a.webpack.hot-update.json 2:: WatchInfo: /home/euki/Disciplines/marketX/my-notes-clone 1 undefined Config: /home/euki/Disciplines/marketX/my-notes-clone/tsconfig.json WatchType: Wild card directory
Info 214  [08:53:38.920] Elapsed:: 0.39759501814842224ms DirectoryWatcher:: Triggered with /home/euki/Disciplines/marketX/my-notes-clone/.next/static/webpack/9f828b9fd6a1540a.webpack.hot-update.json 2:: WatchInfo: /home/euki/Disciplines/marketX/my-notes-clone 1 undefined Config: /home/euki/Disciplines/marketX/my-notes-clone/tsconfig.json WatchType: Wild card directory
Info 215  [08:53:39.178] Starting updateGraphWorker: Project: /home/euki/Disciplines/marketX/my-notes-clone/tsconfig.json
Info 216  [08:53:39.180] Finishing updateGraphWorker: Project: /home/euki/Disciplines/marketX/my-notes-clone/tsconfig.json Version: 11 structureChanged: false structureIsReused:: Not Elapsed: 1.7343420088291168ms
Info 217  [08:53:41.420] Before ensureProjectForOpenFiles:
Info 218  [08:53:41.421] After ensureProjectForOpenFiles:
Info 219  [08:53:41.421] got projects updated in background, updating diagnostics for /home/euki/Disciplines/marketX/my-notes-clone/components/NotesApp.tsx
Info 220  [08:53:42.113] DirectoryWatcher:: Triggered with /home/euki/Disciplines/marketX/my-notes-clone/.next/static/webpack/pages/index.16d4f4ec3353a39c.hot-update.js 0:: WatchInfo: /home/euki/Disciplines/marketX/my-notes-clone 1 undefined Config: /home/euki/Disciplines/marketX/my-notes-clone/tsconfig.json WatchType: Wild card directory
Info 221  [08:53:42.114] Elapsed:: 0.5204949975013733ms DirectoryWatcher:: Triggered with /home/euki/Disciplines/marketX/my-notes-clone/.next/static/webpack/pages/index.16d4f4ec3353a39c.hot-update.js 0:: WatchInfo: /home/euki/Disciplines/marketX/my-notes-clone 1 undefined Config: /home/euki/Disciplines/marketX/my-notes-clone/tsconfig.json WatchType: Wild card directory
Info 222  [08:53:42.114] DirectoryWatcher:: Triggered with /home/euki/Disciplines/marketX/my-notes-clone/.next/static/webpack/webpack.16d4f4ec3353a39c.hot-update.js 1:: WatchInfo: /home/euki/Disciplines/marketX/my-notes-clone 1 undefined Config: /home/euki/Disciplines/marketX/my-notes-clone/tsconfig.json WatchType: Wild card directory
Info 223  [08:53:42.114] Elapsed:: 0.44236400723457336ms DirectoryWatcher:: Triggered with /home/euki/Disciplines/marketX/my-notes-clone/.next/static/webpack/webpack.16d4f4ec3353a39c.hot-update.js 1:: WatchInfo: /home/euki/Disciplines/marketX/my-notes-clone 1 undefined Config: /home/euki/Disciplines/marketX/my-notes-clone/tsconfig.json WatchType: Wild card directory
Info 224  [08:53:42.116] DirectoryWatcher:: Triggered with /home/euki/Disciplines/marketX/my-notes-clone/.next/static/webpack/16d4f4ec3353a39c.webpack.hot-update.json 2:: WatchInfo: /home/euki/Disciplines/marketX/my-notes-clone 1 undefined Config: /home/euki/Disciplines/marketX/my-notes-clone/tsconfig.json WatchType: Wild card directory
Info 225  [08:53:42.116] Elapsed:: 0.46032899618148804ms DirectoryWatcher:: Triggered with /home/euki/Disciplines/marketX/my-notes-clone/.next/static/webpack/16d4f4ec3353a39c.webpack.hot-update.json 2:: WatchInfo: /home/euki/Disciplines/marketX/my-notes-clone 1 undefined Config: /home/euki/Disciplines/marketX/my-notes-clone/tsconfig.json WatchType: Wild card directory
Info 226  [08:53:42.376] Starting updateGraphWorker: Project: /home/euki/Disciplines/marketX/my-notes-clone/tsconfig.json
Info 227  [08:53:42.379] Finishing updateGraphWorker: Project: /home/euki/Disciplines/marketX/my-notes-clone/tsconfig.json Version: 12 structureChanged: false structureIsReused:: Not Elapsed: 3.1264890134334564ms
Info 228  [08:53:44.618] Before ensureProjectForOpenFiles:
Info 229  [08:53:44.618] After ensureProjectForOpenFiles:
Info 230  [08:53:44.619] got projects updated in background, updating diagnostics for /home/euki/Disciplines/marketX/my-notes-clone/components/NotesApp.tsx
Info 231  [08:54:19.059] DirectoryWatcher:: Triggered with /home/euki/Disciplines/marketX/my-notes-clone/.next/static/webpack/pages/index.e4b4e5ef9284c66e.hot-update.js 0:: WatchInfo: /home/euki/Disciplines/marketX/my-notes-clone 1 undefined Config: /home/euki/Disciplines/marketX/my-notes-clone/tsconfig.json WatchType: Wild card directory
Info 232  [08:54:19.060] Elapsed:: 0.5931659936904907ms DirectoryWatcher:: Triggered with /home/euki/Disciplines/marketX/my-notes-clone/.next/static/webpack/pages/index.e4b4e5ef9284c66e.hot-update.js 0:: WatchInfo: /home/euki/Disciplines/marketX/my-notes-clone 1 undefined Config: /home/euki/Disciplines/marketX/my-notes-clone/tsconfig.json WatchType: Wild card directory
Info 233  [08:54:19.060] DirectoryWatcher:: Triggered with /home/euki/Disciplines/marketX/my-notes-clone/.next/static/webpack/webpack.e4b4e5ef9284c66e.hot-update.js 1:: WatchInfo: /home/euki/Disciplines/marketX/my-notes-clone 1 undefined Config: /home/euki/Disciplines/marketX/my-notes-clone/tsconfig.json WatchType: Wild card directory
Info 234  [08:54:19.061] Elapsed:: 0.4828239977359772ms DirectoryWatcher:: Triggered with /home/euki/Disciplines/marketX/my-notes-clone/.next/static/webpack/webpack.e4b4e5ef9284c66e.hot-update.js 1:: WatchInfo: /home/euki/Disciplines/marketX/my-notes-clone 1 undefined Config: /home/euki/Disciplines/marketX/my-notes-clone/tsconfig.json WatchType: Wild card directory
Info 235  [08:54:19.061] DirectoryWatcher:: Triggered with /home/euki/Disciplines/marketX/my-notes-clone/.next/static/webpack/e4b4e5ef9284c66e.webpack.hot-update.json 2:: WatchInfo: /home/euki/Disciplines/marketX/my-notes-clone 1 undefined Config: /home/euki/Disciplines/marketX/my-notes-clone/tsconfig.json WatchType: Wild card directory
Info 236  [08:54:19.062] Elapsed:: 0.3958970010280609ms DirectoryWatcher:: Triggered with /home/euki/Disciplines/marketX/my-notes-clone/.next/static/webpack/e4b4e5ef9284c66e.webpack.hot-update.json 2:: WatchInfo: /home/euki/Disciplines/marketX/my-notes-clone 1 undefined Config: /home/euki/Disciplines/marketX/my-notes-clone/tsconfig.json WatchType: Wild card directory
Info 237  [08:54:19.321] Starting updateGraphWorker: Project: /home/euki/Disciplines/marketX/my-notes-clone/tsconfig.json
Info 238  [08:54:19.324] Finishing updateGraphWorker: Project: /home/euki/Disciplines/marketX/my-notes-clone/tsconfig.json Version: 13 structureChanged: false structureIsReused:: Not Elapsed: 2.6197779774665833ms
Info 239  [08:54:21.562] Before ensureProjectForOpenFiles:
Info 240  [08:54:21.563] After ensureProjectForOpenFiles:
Info 241  [08:54:21.563] got projects updated in background, updating diagnostics for /home/euki/Disciplines/marketX/my-notes-clone/components/NotesApp.tsx
Info 242  [08:54:27.111] DirectoryWatcher:: Triggered with /home/euki/Disciplines/marketX/my-notes-clone/.next/static/webpack/pages/index.e86aaf722e60ae8c.hot-update.js 0:: WatchInfo: /home/euki/Disciplines/marketX/my-notes-clone 1 undefined Config: /home/euki/Disciplines/marketX/my-notes-clone/tsconfig.json WatchType: Wild card directory
Info 243  [08:54:27.112] Elapsed:: 0.5499880015850067ms DirectoryWatcher:: Triggered with /home/euki/Disciplines/marketX/my-notes-clone/.next/static/webpack/pages/index.e86aaf722e60ae8c.hot-update.js 0:: WatchInfo: /home/euki/Disciplines/marketX/my-notes-clone 1 undefined Config: /home/euki/Disciplines/marketX/my-notes-clone/tsconfig.json WatchType: Wild card directory
Info 244  [08:54:27.112] DirectoryWatcher:: Triggered with /home/euki/Disciplines/marketX/my-notes-clone/.next/static/webpack/webpack.e86aaf722e60ae8c.hot-update.js 1:: WatchInfo: /home/euki/Disciplines/marketX/my-notes-clone 1 undefined Config: /home/euki/Disciplines/marketX/my-notes-clone/tsconfig.json WatchType: Wild card directory
Info 245  [08:54:27.113] Elapsed:: 0.6629079878330231ms DirectoryWatcher:: Triggered with /home/euki/Disciplines/marketX/my-notes-clone/.next/static/webpack/webpack.e86aaf722e60ae8c.hot-update.js 1:: WatchInfo: /home/euki/Disciplines/marketX/my-notes-clone 1 undefined Config: /home/euki/Disciplines/marketX/my-notes-clone/tsconfig.json WatchType: Wild card directory
Info 246  [08:54:27.113] DirectoryWatcher:: Triggered with /home/euki/Disciplines/marketX/my-notes-clone/.next/static/webpack/e86aaf722e60ae8c.webpack.hot-update.json 2:: WatchInfo: /home/euki/Disciplines/marketX/my-notes-clone 1 undefined Config: /home/euki/Disciplines/marketX/my-notes-clone/tsconfig.json WatchType: Wild card directory
Info 247  [08:54:27.114] Elapsed:: 0.3918370008468628ms DirectoryWatcher:: Triggered with /home/euki/Disciplines/marketX/my-notes-clone/.next/static/webpack/e86aaf722e60ae8c.webpack.hot-update.json 2:: WatchInfo: /home/euki/Disciplines/marketX/my-notes-clone 1 undefined Config: /home/euki/Disciplines/marketX/my-notes-clone/tsconfig.json WatchType: Wild card directory
Info 248  [08:54:27.372] Starting updateGraphWorker: Project: /home/euki/Disciplines/marketX/my-notes-clone/tsconfig.json
Info 249  [08:54:27.378] Finishing updateGraphWorker: Project: /home/euki/Disciplines/marketX/my-notes-clone/tsconfig.json Version: 14 structureChanged: false structureIsReused:: Not Elapsed: 6.201319009065628ms
Info 250  [08:54:29.614] Before ensureProjectForOpenFiles:
Info 251  [08:54:29.614] After ensureProjectForOpenFiles:
Info 252  [08:54:29.614] got projects updated in background, updating diagnostics for /home/euki/Disciplines/marketX/my-notes-clone/components/NotesApp.tsx
Info 253  [08:54:35.792] DirectoryWatcher:: Triggered with /home/euki/Disciplines/marketX/my-notes-clone/.next/static/webpack/pages/index.c600994994b1379b.hot-update.js 0:: WatchInfo: /home/euki/Disciplines/marketX/my-notes-clone 1 undefined Config: /home/euki/Disciplines/marketX/my-notes-clone/tsconfig.json WatchType: Wild card directory
Info 254  [08:54:35.793] Elapsed:: 0.5450609922409058ms DirectoryWatcher:: Triggered with /home/euki/Disciplines/marketX/my-notes-clone/.next/static/webpack/pages/index.c600994994b1379b.hot-update.js 0:: WatchInfo: /home/euki/Disciplines/marketX/my-notes-clone 1 undefined Config: /home/euki/Disciplines/marketX/my-notes-clone/tsconfig.json WatchType: Wild card directory
Info 255  [08:54:35.793] DirectoryWatcher:: Triggered with /home/euki/Disciplines/marketX/my-notes-clone/.next/static/webpack/webpack.c600994994b1379b.hot-update.js 1:: WatchInfo: /home/euki/Disciplines/marketX/my-notes-clone 1 undefined Config: /home/euki/Disciplines/marketX/my-notes-clone/tsconfig.json WatchType: Wild card directory
Info 256  [08:54:35.794] Elapsed:: 0.36761701107025146ms DirectoryWatcher:: Triggered with /home/euki/Disciplines/marketX/my-notes-clone/.next/static/webpack/webpack.c600994994b1379b.hot-update.js 1:: WatchInfo: /home/euki/Disciplines/marketX/my-notes-clone 1 undefined Config: /home/euki/Disciplines/marketX/my-notes-clone/tsconfig.json WatchType: Wild card directory
Info 257  [08:54:35.794] DirectoryWatcher:: Triggered with /home/euki/Disciplines/marketX/my-notes-clone/.next/static/webpack/c600994994b1379b.webpack.hot-update.json 2:: WatchInfo: /home/euki/Disciplines/marketX/my-notes-clone 1 undefined Config: /home/euki/Disciplines/marketX/my-notes-clone/tsconfig.json WatchType: Wild card directory
Info 258  [08:54:35.794] Elapsed:: 0.38176900148391724ms DirectoryWatcher:: Triggered with /home/euki/Disciplines/marketX/my-notes-clone/.next/static/webpack/c600994994b1379b.webpack.hot-update.json 2:: WatchInfo: /home/euki/Disciplines/marketX/my-notes-clone 1 undefined Config: /home/euki/Disciplines/marketX/my-notes-clone/tsconfig.json WatchType: Wild card directory
Info 259  [08:54:36.048] Starting updateGraphWorker: Project: /home/euki/Disciplines/marketX/my-notes-clone/tsconfig.json
Info 260  [08:54:36.051] Finishing updateGraphWorker: Project: /home/euki/Disciplines/marketX/my-notes-clone/tsconfig.json Version: 15 structureChanged: false structureIsReused:: Not Elapsed: 2.319703996181488ms
Info 261  [08:54:36.863] DirectoryWatcher:: Triggered with /home/euki/Disciplines/marketX/my-notes-clone/.next/cache/webpack/client-development/3.pack_ 0:: WatchInfo: /home/euki/Disciplines/marketX/my-notes-clone 1 undefined Config: /home/euki/Disciplines/marketX/my-notes-clone/tsconfig.json WatchType: Wild card directory
Info 262  [08:54:36.863] Project: /home/euki/Disciplines/marketX/my-notes-clone/tsconfig.json Detected file add/remove of non supported extension: /home/euki/Disciplines/marketX/my-notes-clone/.next/cache/webpack/client-development/3.pack_
Info 263  [08:54:36.863] Elapsed:: 0.27928900718688965ms DirectoryWatcher:: Triggered with /home/euki/Disciplines/marketX/my-notes-clone/.next/cache/webpack/client-development/3.pack_ 0:: WatchInfo: /home/euki/Disciplines/marketX/my-notes-clone 1 undefined Config: /home/euki/Disciplines/marketX/my-notes-clone/tsconfig.json WatchType: Wild card directory
Info 264  [08:54:36.864] DirectoryWatcher:: Triggered with /home/euki/Disciplines/marketX/my-notes-clone/.next/cache/webpack/client-development/index.pack_ 1:: WatchInfo: /home/euki/Disciplines/marketX/my-notes-clone 1 undefined Config: /home/euki/Disciplines/marketX/my-notes-clone/tsconfig.json WatchType: Wild card directory
Info 265  [08:54:36.864] Project: /home/euki/Disciplines/marketX/my-notes-clone/tsconfig.json Detected file add/remove of non supported extension: /home/euki/Disciplines/marketX/my-notes-clone/.next/cache/webpack/client-development/index.pack_
Info 266  [08:54:36.864] Elapsed:: 0.16441801190376282ms DirectoryWatcher:: Triggered with /home/euki/Disciplines/marketX/my-notes-clone/.next/cache/webpack/client-development/index.pack_ 1:: WatchInfo: /home/euki/Disciplines/marketX/my-notes-clone 1 undefined Config: /home/euki/Disciplines/marketX/my-notes-clone/tsconfig.json WatchType: Wild card directory
Info 267  [08:54:36.864] DirectoryWatcher:: Triggered with /home/euki/Disciplines/marketX/my-notes-clone/.next/cache/webpack/client-development/index.pack 2:: WatchInfo: /home/euki/Disciplines/marketX/my-notes-clone 1 undefined Config: /home/euki/Disciplines/marketX/my-notes-clone/tsconfig.json WatchType: Wild card directory
Info 268  [08:54:36.864] Project: /home/euki/Disciplines/marketX/my-notes-clone/tsconfig.json Detected file add/remove of non supported extension: /home/euki/Disciplines/marketX/my-notes-clone/.next/cache/webpack/client-development/index.pack
Info 269  [08:54:36.864] Elapsed:: 0.17955100536346436ms DirectoryWatcher:: Triggered with /home/euki/Disciplines/marketX/my-notes-clone/.next/cache/webpack/client-development/index.pack 2:: WatchInfo: /home/euki/Disciplines/marketX/my-notes-clone 1 undefined Config: /home/euki/Disciplines/marketX/my-notes-clone/tsconfig.json WatchType: Wild card directory
Info 270  [08:54:36.864] DirectoryWatcher:: Triggered with /home/euki/Disciplines/marketX/my-notes-clone/.next/cache/webpack/client-development/index.pack.old 3:: WatchInfo: /home/euki/Disciplines/marketX/my-notes-clone 1 undefined Config: /home/euki/Disciplines/marketX/my-notes-clone/tsconfig.json WatchType: Wild card directory
Info 271  [08:54:36.864] Project: /home/euki/Disciplines/marketX/my-notes-clone/tsconfig.json Detected file add/remove of non supported extension: /home/euki/Disciplines/marketX/my-notes-clone/.next/cache/webpack/client-development/index.pack.old
Info 272  [08:54:36.864] Elapsed:: 0.13996800780296326ms DirectoryWatcher:: Triggered with /home/euki/Disciplines/marketX/my-notes-clone/.next/cache/webpack/client-development/index.pack.old 3:: WatchInfo: /home/euki/Disciplines/marketX/my-notes-clone 1 undefined Config: /home/euki/Disciplines/marketX/my-notes-clone/tsconfig.json WatchType: Wild card directory
Info 273  [08:54:36.865] DirectoryWatcher:: Triggered with /home/euki/Disciplines/marketX/my-notes-clone/.next/cache/webpack/client-development/3.pack_ 4:: WatchInfo: /home/euki/Disciplines/marketX/my-notes-clone 1 undefined Config: /home/euki/Disciplines/marketX/my-notes-clone/tsconfig.json WatchType: Wild card directory
Info 274  [08:54:36.865] Project: /home/euki/Disciplines/marketX/my-notes-clone/tsconfig.json Detected file add/remove of non supported extension: /home/euki/Disciplines/marketX/my-notes-clone/.next/cache/webpack/client-development/3.pack_
Info 275  [08:54:36.865] Elapsed:: 0.13862401247024536ms DirectoryWatcher:: Triggered with /home/euki/Disciplines/marketX/my-notes-clone/.next/cache/webpack/client-development/3.pack_ 4:: WatchInfo: /home/euki/Disciplines/marketX/my-notes-clone 1 undefined Config: /home/euki/Disciplines/marketX/my-notes-clone/tsconfig.json WatchType: Wild card directory
Info 276  [08:54:36.865] DirectoryWatcher:: Triggered with /home/euki/Disciplines/marketX/my-notes-clone/.next/cache/webpack/client-development/3.pack 5:: WatchInfo: /home/euki/Disciplines/marketX/my-notes-clone 1 undefined Config: /home/euki/Disciplines/marketX/my-notes-clone/tsconfig.json WatchType: Wild card directory
Info 277  [08:54:36.865] Project: /home/euki/Disciplines/marketX/my-notes-clone/tsconfig.json Detected file add/remove of non supported extension: /home/euki/Disciplines/marketX/my-notes-clone/.next/cache/webpack/client-development/3.pack
Info 278  [08:54:36.865] Elapsed:: 0.12542599439620972ms DirectoryWatcher:: Triggered with /home/euki/Disciplines/marketX/my-notes-clone/.next/cache/webpack/client-development/3.pack 5:: WatchInfo: /home/euki/Disciplines/marketX/my-notes-clone 1 undefined Config: /home/euki/Disciplines/marketX/my-notes-clone/tsconfig.json WatchType: Wild card directory
Info 279  [08:54:36.865] DirectoryWatcher:: Triggered with /home/euki/Disciplines/marketX/my-notes-clone/.next/cache/webpack/client-development/index.pack_ 6:: WatchInfo: /home/euki/Disciplines/marketX/my-notes-clone 1 undefined Config: /home/euki/Disciplines/marketX/my-notes-clone/tsconfig.json WatchType: Wild card directory
Info 280  [08:54:36.865] Project: /home/euki/Disciplines/marketX/my-notes-clone/tsconfig.json Detected file add/remove of non supported extension: /home/euki/Disciplines/marketX/my-notes-clone/.next/cache/webpack/client-development/index.pack_
Info 281  [08:54:36.865] Elapsed:: 0.13519901037216187ms DirectoryWatcher:: Triggered with /home/euki/Disciplines/marketX/my-notes-clone/.next/cache/webpack/client-development/index.pack_ 6:: WatchInfo: /home/euki/Disciplines/marketX/my-notes-clone 1 undefined Config: /home/euki/Disciplines/marketX/my-notes-clone/tsconfig.json WatchType: Wild card directory
Info 282  [08:54:36.865] DirectoryWatcher:: Triggered with /home/euki/Disciplines/marketX/my-notes-clone/.next/cache/webpack/client-development/index.pack 7:: WatchInfo: /home/euki/Disciplines/marketX/my-notes-clone 1 undefined Config: /home/euki/Disciplines/marketX/my-notes-clone/tsconfig.json WatchType: Wild card directory
Info 283  [08:54:36.865] Project: /home/euki/Disciplines/marketX/my-notes-clone/tsconfig.json Detected file add/remove of non supported extension: /home/euki/Disciplines/marketX/my-notes-clone/.next/cache/webpack/client-development/index.pack
Info 284  [08:54:36.866] Elapsed:: 0.12397998571395874ms DirectoryWatcher:: Triggered with /home/euki/Disciplines/marketX/my-notes-clone/.next/cache/webpack/client-development/index.pack 7:: WatchInfo: /home/euki/Disciplines/marketX/my-notes-clone 1 undefined Config: /home/euki/Disciplines/marketX/my-notes-clone/tsconfig.json WatchType: Wild card directory
Info 285  [08:54:38.296] Before ensureProjectForOpenFiles:
Info 286  [08:54:38.296] After ensureProjectForOpenFiles:
Info 287  [08:54:38.296] got projects updated in background, updating diagnostics for /home/euki/Disciplines/marketX/my-notes-clone/components/NotesApp.tsx
Info 288  [08:54:38.327] DirectoryWatcher:: Triggered with /home/euki/Disciplines/marketX/my-notes-clone/.next/static/webpack/pages/index.1a164df4612e8ece.hot-update.js 0:: WatchInfo: /home/euki/Disciplines/marketX/my-notes-clone 1 undefined Config: /home/euki/Disciplines/marketX/my-notes-clone/tsconfig.json WatchType: Wild card directory
Info 289  [08:54:38.328] Elapsed:: 0.47846099734306335ms DirectoryWatcher:: Triggered with /home/euki/Disciplines/marketX/my-notes-clone/.next/static/webpack/pages/index.1a164df4612e8ece.hot-update.js 0:: WatchInfo: /home/euki/Disciplines/marketX/my-notes-clone 1 undefined Config: /home/euki/Disciplines/marketX/my-notes-clone/tsconfig.json WatchType: Wild card directory
Info 290  [08:54:38.328] DirectoryWatcher:: Triggered with /home/euki/Disciplines/marketX/my-notes-clone/.next/static/webpack/webpack.1a164df4612e8ece.hot-update.js 1:: WatchInfo: /home/euki/Disciplines/marketX/my-notes-clone 1 undefined Config: /home/euki/Disciplines/marketX/my-notes-clone/tsconfig.json WatchType: Wild card directory
Info 291  [08:54:38.328] Elapsed:: 0.47306299209594727ms DirectoryWatcher:: Triggered with /home/euki/Disciplines/marketX/my-notes-clone/.next/static/webpack/webpack.1a164df4612e8ece.hot-update.js 1:: WatchInfo: /home/euki/Disciplines/marketX/my-notes-clone 1 undefined Config: /home/euki/Disciplines/marketX/my-notes-clone/tsconfig.json WatchType: Wild card directory
Info 292  [08:54:38.328] DirectoryWatcher:: Triggered with /home/euki/Disciplines/marketX/my-notes-clone/.next/static/webpack/1a164df4612e8ece.webpack.hot-update.json 2:: WatchInfo: /home/euki/Disciplines/marketX/my-notes-clone 1 undefined Config: /home/euki/Disciplines/marketX/my-notes-clone/tsconfig.json WatchType: Wild card directory
Info 293  [08:54:38.329] Elapsed:: 0.3587830066680908ms DirectoryWatcher:: Triggered with /home/euki/Disciplines/marketX/my-notes-clone/.next/static/webpack/1a164df4612e8ece.webpack.hot-update.json 2:: WatchInfo: /home/euki/Disciplines/marketX/my-notes-clone 1 undefined Config: /home/euki/Disciplines/marketX/my-notes-clone/tsconfig.json WatchType: Wild card directory
Info 294  [08:54:38.401] Starting updateGraphWorker: Project: /home/euki/Disciplines/marketX/my-notes-clone/tsconfig.json
Info 295  [08:54:38.403] Finishing updateGraphWorker: Project: /home/euki/Disciplines/marketX/my-notes-clone/tsconfig.json Version: 16 structureChanged: false structureIsReused:: Not Elapsed: 1.9020020067691803ms
Info 296  [08:54:40.830] Before ensureProjectForOpenFiles:
Info 297  [08:54:40.831] After ensureProjectForOpenFiles:
Info 298  [08:54:40.831] got projects updated in background, updating diagnostics for /home/euki/Disciplines/marketX/my-notes-clone/components/NotesApp.tsx
Info 299  [08:55:31.375] DirectoryWatcher:: Triggered with /home/euki/Disciplines/marketX/my-notes-clone/.next/static/webpack/pages/index.a405695147dc01ac.hot-update.js 0:: WatchInfo: /home/euki/Disciplines/marketX/my-notes-clone 1 undefined Config: /home/euki/Disciplines/marketX/my-notes-clone/tsconfig.json WatchType: Wild card directory
Info 300  [08:55:31.376] Elapsed:: 0.6243209838867188ms DirectoryWatcher:: Triggered with /home/euki/Disciplines/marketX/my-notes-clone/.next/static/webpack/pages/index.a405695147dc01ac.hot-update.js 0:: WatchInfo: /home/euki/Disciplines/marketX/my-notes-clone 1 undefined Config: /home/euki/Disciplines/marketX/my-notes-clone/tsconfig.json WatchType: Wild card directory
Info 301  [08:55:31.376] DirectoryWatcher:: Triggered with /home/euki/Disciplines/marketX/my-notes-clone/.next/static/webpack/webpack.a405695147dc01ac.hot-update.js 1:: WatchInfo: /home/euki/Disciplines/marketX/my-notes-clone 1 undefined Config: /home/euki/Disciplines/marketX/my-notes-clone/tsconfig.json WatchType: Wild card directory
Info 302  [08:55:31.377] Elapsed:: 0.45563602447509766ms DirectoryWatcher:: Triggered with /home/euki/Disciplines/marketX/my-notes-clone/.next/static/webpack/webpack.a405695147dc01ac.hot-update.js 1:: WatchInfo: /home/euki/Disciplines/marketX/my-notes-clone 1 undefined Config: /home/euki/Disciplines/marketX/my-notes-clone/tsconfig.json WatchType: Wild card directory
Info 303  [08:55:31.377] DirectoryWatcher:: Triggered with /home/euki/Disciplines/marketX/my-notes-clone/.next/static/webpack/a405695147dc01ac.webpack.hot-update.json 2:: WatchInfo: /home/euki/Disciplines/marketX/my-notes-clone 1 undefined Config: /home/euki/Disciplines/marketX/my-notes-clone/tsconfig.json WatchType: Wild card directory
Info 304  [08:55:31.377] Elapsed:: 0.3363700211048126ms DirectoryWatcher:: Triggered with /home/euki/Disciplines/marketX/my-notes-clone/.next/static/webpack/a405695147dc01ac.webpack.hot-update.json 2:: WatchInfo: /home/euki/Disciplines/marketX/my-notes-clone 1 undefined Config: /home/euki/Disciplines/marketX/my-notes-clone/tsconfig.json WatchType: Wild card directory
Info 305  [08:55:31.632] Starting updateGraphWorker: Project: /home/euki/Disciplines/marketX/my-notes-clone/tsconfig.json
Info 306  [08:55:31.635] Finishing updateGraphWorker: Project: /home/euki/Disciplines/marketX/my-notes-clone/tsconfig.json Version: 17 structureChanged: false structureIsReused:: Not Elapsed: 2.154756009578705ms
Info 307  [08:55:33.877] Before ensureProjectForOpenFiles:
Info 308  [08:55:33.878] After ensureProjectForOpenFiles:
Info 309  [08:55:33.878] got projects updated in background, updating diagnostics for /home/euki/Disciplines/marketX/my-notes-clone/components/NotesApp.tsx
Info 310  [08:55:45.745] DirectoryWatcher:: Triggered with /home/euki/Disciplines/marketX/my-notes-clone/.next/static/webpack/pages/index.7e114f9769274280.hot-update.js 0:: WatchInfo: /home/euki/Disciplines/marketX/my-notes-clone 1 undefined Config: /home/euki/Disciplines/marketX/my-notes-clone/tsconfig.json WatchType: Wild card directory
Info 311  [08:55:45.746] Elapsed:: 0.5078920125961304ms DirectoryWatcher:: Triggered with /home/euki/Disciplines/marketX/my-notes-clone/.next/static/webpack/pages/index.7e114f9769274280.hot-update.js 0:: WatchInfo: /home/euki/Disciplines/marketX/my-notes-clone 1 undefined Config: /home/euki/Disciplines/marketX/my-notes-clone/tsconfig.json WatchType: Wild card directory
Info 312  [08:55:45.746] DirectoryWatcher:: Triggered with /home/euki/Disciplines/marketX/my-notes-clone/.next/static/webpack/webpack.7e114f9769274280.hot-update.js 1:: WatchInfo: /home/euki/Disciplines/marketX/my-notes-clone 1 undefined Config: /home/euki/Disciplines/marketX/my-notes-clone/tsconfig.json WatchType: Wild card directory
Info 313  [08:55:45.746] Elapsed:: 0.41161999106407166ms DirectoryWatcher:: Triggered with /home/euki/Disciplines/marketX/my-notes-clone/.next/static/webpack/webpack.7e114f9769274280.hot-update.js 1:: WatchInfo: /home/euki/Disciplines/marketX/my-notes-clone 1 undefined Config: /home/euki/Disciplines/marketX/my-notes-clone/tsconfig.json WatchType: Wild card directory
Info 314  [08:55:45.746] DirectoryWatcher:: Triggered with /home/euki/Disciplines/marketX/my-notes-clone/.next/static/webpack/7e114f9769274280.webpack.hot-update.json 2:: WatchInfo: /home/euki/Disciplines/marketX/my-notes-clone 1 undefined Config: /home/euki/Disciplines/marketX/my-notes-clone/tsconfig.json WatchType: Wild card directory
Info 315  [08:55:45.747] Elapsed:: 0.33462297916412354ms DirectoryWatcher:: Triggered with /home/euki/Disciplines/marketX/my-notes-clone/.next/static/webpack/7e114f9769274280.webpack.hot-update.json 2:: WatchInfo: /home/euki/Disciplines/marketX/my-notes-clone 1 undefined Config: /home/euki/Disciplines/marketX/my-notes-clone/tsconfig.json WatchType: Wild card directory
Info 316  [08:55:46.003] Starting updateGraphWorker: Project: /home/euki/Disciplines/marketX/my-notes-clone/tsconfig.json
Info 317  [08:55:46.006] Finishing updateGraphWorker: Project: /home/euki/Disciplines/marketX/my-notes-clone/tsconfig.json Version: 18 structureChanged: false structureIsReused:: Not Elapsed: 2.2264959812164307ms
Info 318  [08:55:48.249] Before ensureProjectForOpenFiles:
Info 319  [08:55:48.249] After ensureProjectForOpenFiles:
Info 320  [08:55:48.249] got projects updated in background, updating diagnostics for /home/euki/Disciplines/marketX/my-notes-clone/components/NotesApp.tsx
Info 321  [08:55:55.889] DirectoryWatcher:: Triggered with /home/euki/Disciplines/marketX/my-notes-clone/.next/static/webpack/pages/index.e09776eef7566339.hot-update.js 0:: WatchInfo: /home/euki/Disciplines/marketX/my-notes-clone 1 undefined Config: /home/euki/Disciplines/marketX/my-notes-clone/tsconfig.json WatchType: Wild card directory
Info 322  [08:55:55.889] Elapsed:: 0.5431869924068451ms DirectoryWatcher:: Triggered with /home/euki/Disciplines/marketX/my-notes-clone/.next/static/webpack/pages/index.e09776eef7566339.hot-update.js 0:: WatchInfo: /home/euki/Disciplines/marketX/my-notes-clone 1 undefined Config: /home/euki/Disciplines/marketX/my-notes-clone/tsconfig.json WatchType: Wild card directory
Info 323  [08:55:55.889] DirectoryWatcher:: Triggered with /home/euki/Disciplines/marketX/my-notes-clone/.next/static/webpack/webpack.e09776eef7566339.hot-update.js 1:: WatchInfo: /home/euki/Disciplines/marketX/my-notes-clone 1 undefined Config: /home/euki/Disciplines/marketX/my-notes-clone/tsconfig.json WatchType: Wild card directory
Info 324  [08:55:55.890] Elapsed:: 0.4117310047149658ms DirectoryWatcher:: Triggered with /home/euki/Disciplines/marketX/my-notes-clone/.next/static/webpack/webpack.e09776eef7566339.hot-update.js 1:: WatchInfo: /home/euki/Disciplines/marketX/my-notes-clone 1 undefined Config: /home/euki/Disciplines/marketX/my-notes-clone/tsconfig.json WatchType: Wild card directory
Info 325  [08:55:55.890] DirectoryWatcher:: Triggered with /home/euki/Disciplines/marketX/my-notes-clone/.next/static/webpack/e09776eef7566339.webpack.hot-update.json 2:: WatchInfo: /home/euki/Disciplines/marketX/my-notes-clone 1 undefined Config: /home/euki/Disciplines/marketX/my-notes-clone/tsconfig.json WatchType: Wild card directory
Info 326  [08:55:55.891] Elapsed:: 0.3599660098552704ms DirectoryWatcher:: Triggered with /home/euki/Disciplines/marketX/my-notes-clone/.next/static/webpack/e09776eef7566339.webpack.hot-update.json 2:: WatchInfo: /home/euki/Disciplines/marketX/my-notes-clone 1 undefined Config: /home/euki/Disciplines/marketX/my-notes-clone/tsconfig.json WatchType: Wild card directory
Info 327  [08:55:56.148] Starting updateGraphWorker: Project: /home/euki/Disciplines/marketX/my-notes-clone/tsconfig.json
Info 328  [08:55:56.151] Finishing updateGraphWorker: Project: /home/euki/Disciplines/marketX/my-notes-clone/tsconfig.json Version: 19 structureChanged: false structureIsReused:: Not Elapsed: 2.2944560050964355ms
Info 329  [08:55:56.945] DirectoryWatcher:: Triggered with /home/euki/Disciplines/marketX/my-notes-clone/.next/cache/webpack/client-development/3.pack_ 0:: WatchInfo: /home/euki/Disciplines/marketX/my-notes-clone 1 undefined Config: /home/euki/Disciplines/marketX/my-notes-clone/tsconfig.json WatchType: Wild card directory
Info 330  [08:55:56.945] Project: /home/euki/Disciplines/marketX/my-notes-clone/tsconfig.json Detected file add/remove of non supported extension: /home/euki/Disciplines/marketX/my-notes-clone/.next/cache/webpack/client-development/3.pack_
Info 331  [08:55:56.945] Elapsed:: 0.2131519913673401ms DirectoryWatcher:: Triggered with /home/euki/Disciplines/marketX/my-notes-clone/.next/cache/webpack/client-development/3.pack_ 0:: WatchInfo: /home/euki/Disciplines/marketX/my-notes-clone 1 undefined Config: /home/euki/Disciplines/marketX/my-notes-clone/tsconfig.json WatchType: Wild card directory
Info 332  [08:55:56.945] DirectoryWatcher:: Triggered with /home/euki/Disciplines/marketX/my-notes-clone/.next/cache/webpack/client-development/index.pack_ 1:: WatchInfo: /home/euki/Disciplines/marketX/my-notes-clone 1 undefined Config: /home/euki/Disciplines/marketX/my-notes-clone/tsconfig.json WatchType: Wild card directory
Info 333  [08:55:56.945] Project: /home/euki/Disciplines/marketX/my-notes-clone/tsconfig.json Detected file add/remove of non supported extension: /home/euki/Disciplines/marketX/my-notes-clone/.next/cache/webpack/client-development/index.pack_
Info 334  [08:55:56.945] Elapsed:: 0.14731499552726746ms DirectoryWatcher:: Triggered with /home/euki/Disciplines/marketX/my-notes-clone/.next/cache/webpack/client-development/index.pack_ 1:: WatchInfo: /home/euki/Disciplines/marketX/my-notes-clone 1 undefined Config: /home/euki/Disciplines/marketX/my-notes-clone/tsconfig.json WatchType: Wild card directory
Info 335  [08:55:56.945] DirectoryWatcher:: Triggered with /home/euki/Disciplines/marketX/my-notes-clone/.next/cache/webpack/client-development/index.pack 2:: WatchInfo: /home/euki/Disciplines/marketX/my-notes-clone 1 undefined Config: /home/euki/Disciplines/marketX/my-notes-clone/tsconfig.json WatchType: Wild card directory
Info 336  [08:55:56.945] Project: /home/euki/Disciplines/marketX/my-notes-clone/tsconfig.json Detected file add/remove of non supported extension: /home/euki/Disciplines/marketX/my-notes-clone/.next/cache/webpack/client-development/index.pack
Info 337  [08:55:56.945] Elapsed:: 0.12202900648117065ms DirectoryWatcher:: Triggered with /home/euki/Disciplines/marketX/my-notes-clone/.next/cache/webpack/client-development/index.pack 2:: WatchInfo: /home/euki/Disciplines/marketX/my-notes-clone 1 undefined Config: /home/euki/Disciplines/marketX/my-notes-clone/tsconfig.json WatchType: Wild card directory
Info 338  [08:55:56.946] DirectoryWatcher:: Triggered with /home/euki/Disciplines/marketX/my-notes-clone/.next/cache/webpack/client-development/index.pack.old 3:: WatchInfo: /home/euki/Disciplines/marketX/my-notes-clone 1 undefined Config: /home/euki/Disciplines/marketX/my-notes-clone/tsconfig.json WatchType: Wild card directory
Info 339  [08:55:56.946] Project: /home/euki/Disciplines/marketX/my-notes-clone/tsconfig.json Detected file add/remove of non supported extension: /home/euki/Disciplines/marketX/my-notes-clone/.next/cache/webpack/client-development/index.pack.old
Info 340  [08:55:56.946] Elapsed:: 0.1276879906654358ms DirectoryWatcher:: Triggered with /home/euki/Disciplines/marketX/my-notes-clone/.next/cache/webpack/client-development/index.pack.old 3:: WatchInfo: /home/euki/Disciplines/marketX/my-notes-clone 1 undefined Config: /home/euki/Disciplines/marketX/my-notes-clone/tsconfig.json WatchType: Wild card directory
Info 341  [08:55:56.946] DirectoryWatcher:: Triggered with /home/euki/Disciplines/marketX/my-notes-clone/.next/cache/webpack/client-development/3.pack_ 4:: WatchInfo: /home/euki/Disciplines/marketX/my-notes-clone 1 undefined Config: /home/euki/Disciplines/marketX/my-notes-clone/tsconfig.json WatchType: Wild card directory
Info 342  [08:55:56.946] Project: /home/euki/Disciplines/marketX/my-notes-clone/tsconfig.json Detected file add/remove of non supported extension: /home/euki/Disciplines/marketX/my-notes-clone/.next/cache/webpack/client-development/3.pack_
Info 343  [08:55:56.946] Elapsed:: 0.11739200353622437ms DirectoryWatcher:: Triggered with /home/euki/Disciplines/marketX/my-notes-clone/.next/cache/webpack/client-development/3.pack_ 4:: WatchInfo: /home/euki/Disciplines/marketX/my-notes-clone 1 undefined Config: /home/euki/Disciplines/marketX/my-notes-clone/tsconfig.json WatchType: Wild card directory
Info 344  [08:55:56.946] DirectoryWatcher:: Triggered with /home/euki/Disciplines/marketX/my-notes-clone/.next/cache/webpack/client-development/3.pack 5:: WatchInfo: /home/euki/Disciplines/marketX/my-notes-clone 1 undefined Config: /home/euki/Disciplines/marketX/my-notes-clone/tsconfig.json WatchType: Wild card directory
Info 345  [08:55:56.946] Project: /home/euki/Disciplines/marketX/my-notes-clone/tsconfig.json Detected file add/remove of non supported extension: /home/euki/Disciplines/marketX/my-notes-clone/.next/cache/webpack/client-development/3.pack
Info 346  [08:55:56.946] Elapsed:: 0.14941200613975525ms DirectoryWatcher:: Triggered with /home/euki/Disciplines/marketX/my-notes-clone/.next/cache/webpack/client-development/3.pack 5:: WatchInfo: /home/euki/Disciplines/marketX/my-notes-clone 1 undefined Config: /home/euki/Disciplines/marketX/my-notes-clone/tsconfig.json WatchType: Wild card directory
Info 347  [08:55:56.946] DirectoryWatcher:: Triggered with /home/euki/Disciplines/marketX/my-notes-clone/.next/cache/webpack/client-development/index.pack_ 6:: WatchInfo: /home/euki/Disciplines/marketX/my-notes-clone 1 undefined Config: /home/euki/Disciplines/marketX/my-notes-clone/tsconfig.json WatchType: Wild card directory
Info 348  [08:55:56.946] Project: /home/euki/Disciplines/marketX/my-notes-clone/tsconfig.json Detected file add/remove of non supported extension: /home/euki/Disciplines/marketX/my-notes-clone/.next/cache/webpack/client-development/index.pack_
Info 349  [08:55:56.947] Elapsed:: 0.1341640055179596ms DirectoryWatcher:: Triggered with /home/euki/Disciplines/marketX/my-notes-clone/.next/cache/webpack/client-development/index.pack_ 6:: WatchInfo: /home/euki/Disciplines/marketX/my-notes-clone 1 undefined Config: /home/euki/Disciplines/marketX/my-notes-clone/tsconfig.json WatchType: Wild card directory
Info 350  [08:55:56.947] DirectoryWatcher:: Triggered with /home/euki/Disciplines/marketX/my-notes-clone/.next/cache/webpack/client-development/index.pack 7:: WatchInfo: /home/euki/Disciplines/marketX/my-notes-clone 1 undefined Config: /home/euki/Disciplines/marketX/my-notes-clone/tsconfig.json WatchType: Wild card directory
Info 351  [08:55:56.947] Project: /home/euki/Disciplines/marketX/my-notes-clone/tsconfig.json Detected file add/remove of non supported extension: /home/euki/Disciplines/marketX/my-notes-clone/.next/cache/webpack/client-development/index.pack
Info 352  [08:55:56.947] Elapsed:: 0.15661999583244324ms DirectoryWatcher:: Triggered with /home/euki/Disciplines/marketX/my-notes-clone/.next/cache/webpack/client-development/index.pack 7:: WatchInfo: /home/euki/Disciplines/marketX/my-notes-clone 1 undefined Config: /home/euki/Disciplines/marketX/my-notes-clone/tsconfig.json WatchType: Wild card directory
Info 353  [08:55:58.392] Before ensureProjectForOpenFiles:
Info 354  [08:55:58.392] After ensureProjectForOpenFiles:
Info 355  [08:55:58.392] got projects updated in background, updating diagnostics for /home/euki/Disciplines/marketX/my-notes-clone/components/NotesApp.tsx
